ARM GAS  C:\Users\robert\AppData\Local\Temp\ccKYGjZA.s 			page 1


   1              		.syntax unified
   2              		.cpu cortex-m3
   3              		.fpu softvfp
   4              		.eabi_attribute 20, 1
   5              		.eabi_attribute 21, 1
   6              		.eabi_attribute 23, 3
   7              		.eabi_attribute 24, 1
   8              		.eabi_attribute 25, 1
   9              		.eabi_attribute 26, 1
  10              		.eabi_attribute 30, 1
  11              		.eabi_attribute 34, 1
  12              		.eabi_attribute 18, 4
  13              		.thumb
  14              		.file	"Button.c"
  15              		.text
  16              	.Ltext0:
  17              		.cfi_sections	.debug_frame
  18              		.section	.text.Button_Write,"ax",%progbits
  19              		.align	2
  20              		.global	Button_Write
  21              		.thumb
  22              		.thumb_func
  23              		.type	Button_Write, %function
  24              	Button_Write:
  25              	.LFB0:
  26              		.file 1 ".\\Generated_Source\\PSoC5\\Button.c"
   1:.\Generated_Source\PSoC5/Button.c **** /*******************************************************************************
   2:.\Generated_Source\PSoC5/Button.c **** * File Name: Button.c  
   3:.\Generated_Source\PSoC5/Button.c **** * Version 2.20
   4:.\Generated_Source\PSoC5/Button.c **** *
   5:.\Generated_Source\PSoC5/Button.c **** * Description:
   6:.\Generated_Source\PSoC5/Button.c **** *  This file contains API to enable firmware control of a Pins component.
   7:.\Generated_Source\PSoC5/Button.c **** *
   8:.\Generated_Source\PSoC5/Button.c **** * Note:
   9:.\Generated_Source\PSoC5/Button.c **** *
  10:.\Generated_Source\PSoC5/Button.c **** ********************************************************************************
  11:.\Generated_Source\PSoC5/Button.c **** * Copyright 2008-2015, Cypress Semiconductor Corporation.  All rights reserved.
  12:.\Generated_Source\PSoC5/Button.c **** * You may use this file only in accordance with the license, terms, conditions, 
  13:.\Generated_Source\PSoC5/Button.c **** * disclaimers, and limitations in the end user license agreement accompanying 
  14:.\Generated_Source\PSoC5/Button.c **** * the software package with which this file was provided.
  15:.\Generated_Source\PSoC5/Button.c **** *******************************************************************************/
  16:.\Generated_Source\PSoC5/Button.c **** 
  17:.\Generated_Source\PSoC5/Button.c **** #include "cytypes.h"
  18:.\Generated_Source\PSoC5/Button.c **** #include "Button.h"
  19:.\Generated_Source\PSoC5/Button.c **** 
  20:.\Generated_Source\PSoC5/Button.c **** /* APIs are not generated for P15[7:6] on PSoC 5 */
  21:.\Generated_Source\PSoC5/Button.c **** #if !(CY_PSOC5A &&\
  22:.\Generated_Source\PSoC5/Button.c **** 	 Button__PORT == 15 && ((Button__MASK & 0xC0) != 0))
  23:.\Generated_Source\PSoC5/Button.c **** 
  24:.\Generated_Source\PSoC5/Button.c **** 
  25:.\Generated_Source\PSoC5/Button.c **** /*******************************************************************************
  26:.\Generated_Source\PSoC5/Button.c **** * Function Name: Button_Write
  27:.\Generated_Source\PSoC5/Button.c **** ****************************************************************************//**
  28:.\Generated_Source\PSoC5/Button.c **** *
  29:.\Generated_Source\PSoC5/Button.c **** * \brief Writes the value to the physical port (data output register), masking
  30:.\Generated_Source\PSoC5/Button.c **** *  and shifting the bits appropriately. 
  31:.\Generated_Source\PSoC5/Button.c **** *
ARM GAS  C:\Users\robert\AppData\Local\Temp\ccKYGjZA.s 			page 2


  32:.\Generated_Source\PSoC5/Button.c **** * The data output register controls the signal applied to the physical pin in 
  33:.\Generated_Source\PSoC5/Button.c **** * conjunction with the drive mode parameter. This function avoids changing 
  34:.\Generated_Source\PSoC5/Button.c **** * other bits in the port by using the appropriate method (read-modify-write or
  35:.\Generated_Source\PSoC5/Button.c **** * bit banding).
  36:.\Generated_Source\PSoC5/Button.c **** *
  37:.\Generated_Source\PSoC5/Button.c **** * <b>Note</b> This function should not be used on a hardware digital output pin 
  38:.\Generated_Source\PSoC5/Button.c **** * as it is driven by the hardware signal attached to it.
  39:.\Generated_Source\PSoC5/Button.c **** *
  40:.\Generated_Source\PSoC5/Button.c **** * \param value
  41:.\Generated_Source\PSoC5/Button.c **** *  Value to write to the component instance.
  42:.\Generated_Source\PSoC5/Button.c **** *
  43:.\Generated_Source\PSoC5/Button.c **** * \return 
  44:.\Generated_Source\PSoC5/Button.c **** *  None 
  45:.\Generated_Source\PSoC5/Button.c **** *
  46:.\Generated_Source\PSoC5/Button.c **** * \sideeffect
  47:.\Generated_Source\PSoC5/Button.c **** *  If you use read-modify-write operations that are not atomic; the Interrupt 
  48:.\Generated_Source\PSoC5/Button.c **** *  Service Routines (ISR) can cause corruption of this function. An ISR that 
  49:.\Generated_Source\PSoC5/Button.c **** *  interrupts this function and performs writes to the Pins component data 
  50:.\Generated_Source\PSoC5/Button.c **** *  register can cause corrupted port data. To avoid this issue, you should 
  51:.\Generated_Source\PSoC5/Button.c **** *  either use the Per-Pin APIs (primary method) or disable interrupts around 
  52:.\Generated_Source\PSoC5/Button.c **** *  this function.
  53:.\Generated_Source\PSoC5/Button.c **** *
  54:.\Generated_Source\PSoC5/Button.c **** * \funcusage
  55:.\Generated_Source\PSoC5/Button.c **** *  \snippet Button_SUT.c usage_Button_Write
  56:.\Generated_Source\PSoC5/Button.c **** *******************************************************************************/
  57:.\Generated_Source\PSoC5/Button.c **** void Button_Write(uint8 value)
  58:.\Generated_Source\PSoC5/Button.c **** {
  27              		.loc 1 58 0
  28              		.cfi_startproc
  29              		@ args = 0, pretend = 0, frame = 0
  30              		@ frame_needed = 0, uses_anonymous_args = 0
  31              		@ link register save eliminated.
  32              	.LVL0:
  59:.\Generated_Source\PSoC5/Button.c ****     uint8 staticBits = (Button_DR & (uint8)(~Button_MASK));
  33              		.loc 1 59 0
  34 0000 044A     		ldr	r2, .L2
  35 0002 1378     		ldrb	r3, [r2]	@ zero_extendqisi2
  36 0004 03F07F03 		and	r3, r3, #127
  37              	.LVL1:
  60:.\Generated_Source\PSoC5/Button.c ****     Button_DR = staticBits | ((uint8)(value << Button_SHIFT) & Button_MASK);
  38              		.loc 1 60 0
  39 0008 C001     		lsls	r0, r0, #7
  40              	.LVL2:
  41 000a C0B2     		uxtb	r0, r0
  42 000c 0343     		orrs	r3, r3, r0
  43              	.LVL3:
  44 000e 1370     		strb	r3, [r2]
  45 0010 7047     		bx	lr
  46              	.L3:
  47 0012 00BF     		.align	2
  48              	.L2:
  49 0014 10510040 		.word	1073762576
  50              		.cfi_endproc
  51              	.LFE0:
  52              		.size	Button_Write, .-Button_Write
  53              		.section	.text.Button_SetDriveMode,"ax",%progbits
  54              		.align	2
ARM GAS  C:\Users\robert\AppData\Local\Temp\ccKYGjZA.s 			page 3


  55              		.global	Button_SetDriveMode
  56              		.thumb
  57              		.thumb_func
  58              		.type	Button_SetDriveMode, %function
  59              	Button_SetDriveMode:
  60              	.LFB1:
  61:.\Generated_Source\PSoC5/Button.c **** }
  62:.\Generated_Source\PSoC5/Button.c **** 
  63:.\Generated_Source\PSoC5/Button.c **** 
  64:.\Generated_Source\PSoC5/Button.c **** /*******************************************************************************
  65:.\Generated_Source\PSoC5/Button.c **** * Function Name: Button_SetDriveMode
  66:.\Generated_Source\PSoC5/Button.c **** ****************************************************************************//**
  67:.\Generated_Source\PSoC5/Button.c **** *
  68:.\Generated_Source\PSoC5/Button.c **** * \brief Sets the drive mode for each of the Pins component's pins.
  69:.\Generated_Source\PSoC5/Button.c **** * 
  70:.\Generated_Source\PSoC5/Button.c **** * <b>Note</b> This affects all pins in the Pins component instance. Use the
  71:.\Generated_Source\PSoC5/Button.c **** * Per-Pin APIs if you wish to control individual pin's drive modes.
  72:.\Generated_Source\PSoC5/Button.c **** *
  73:.\Generated_Source\PSoC5/Button.c **** * \param mode
  74:.\Generated_Source\PSoC5/Button.c **** *  Mode for the selected signals. Valid options are documented in 
  75:.\Generated_Source\PSoC5/Button.c **** *  \ref driveMode.
  76:.\Generated_Source\PSoC5/Button.c **** *
  77:.\Generated_Source\PSoC5/Button.c **** * \return
  78:.\Generated_Source\PSoC5/Button.c **** *  None
  79:.\Generated_Source\PSoC5/Button.c **** *
  80:.\Generated_Source\PSoC5/Button.c **** * \sideeffect
  81:.\Generated_Source\PSoC5/Button.c **** *  If you use read-modify-write operations that are not atomic, the ISR can
  82:.\Generated_Source\PSoC5/Button.c **** *  cause corruption of this function. An ISR that interrupts this function 
  83:.\Generated_Source\PSoC5/Button.c **** *  and performs writes to the Pins component Drive Mode registers can cause 
  84:.\Generated_Source\PSoC5/Button.c **** *  corrupted port data. To avoid this issue, you should either use the Per-Pin
  85:.\Generated_Source\PSoC5/Button.c **** *  APIs (primary method) or disable interrupts around this function.
  86:.\Generated_Source\PSoC5/Button.c **** *
  87:.\Generated_Source\PSoC5/Button.c **** * \funcusage
  88:.\Generated_Source\PSoC5/Button.c **** *  \snippet Button_SUT.c usage_Button_SetDriveMode
  89:.\Generated_Source\PSoC5/Button.c **** *******************************************************************************/
  90:.\Generated_Source\PSoC5/Button.c **** void Button_SetDriveMode(uint8 mode)
  91:.\Generated_Source\PSoC5/Button.c **** {
  61              		.loc 1 91 0
  62              		.cfi_startproc
  63              		@ args = 0, pretend = 0, frame = 0
  64              		@ frame_needed = 0, uses_anonymous_args = 0
  65              		@ link register save eliminated.
  66              	.LVL4:
  92:.\Generated_Source\PSoC5/Button.c **** 	CyPins_SetPinDriveMode(Button_0, mode);
  67              		.loc 1 92 0
  68 0000 044A     		ldr	r2, .L5
  69 0002 1378     		ldrb	r3, [r2]	@ zero_extendqisi2
  70 0004 03F0F103 		and	r3, r3, #241
  71 0008 00F00E00 		and	r0, r0, #14
  72              	.LVL5:
  73 000c 1843     		orrs	r0, r0, r3
  74 000e 1070     		strb	r0, [r2]
  75 0010 7047     		bx	lr
  76              	.L6:
  77 0012 00BF     		.align	2
  78              	.L5:
  79 0014 0F500040 		.word	1073762319
ARM GAS  C:\Users\robert\AppData\Local\Temp\ccKYGjZA.s 			page 4


  80              		.cfi_endproc
  81              	.LFE1:
  82              		.size	Button_SetDriveMode, .-Button_SetDriveMode
  83              		.section	.text.Button_Read,"ax",%progbits
  84              		.align	2
  85              		.global	Button_Read
  86              		.thumb
  87              		.thumb_func
  88              		.type	Button_Read, %function
  89              	Button_Read:
  90              	.LFB2:
  93:.\Generated_Source\PSoC5/Button.c **** }
  94:.\Generated_Source\PSoC5/Button.c **** 
  95:.\Generated_Source\PSoC5/Button.c **** 
  96:.\Generated_Source\PSoC5/Button.c **** /*******************************************************************************
  97:.\Generated_Source\PSoC5/Button.c **** * Function Name: Button_Read
  98:.\Generated_Source\PSoC5/Button.c **** ****************************************************************************//**
  99:.\Generated_Source\PSoC5/Button.c **** *
 100:.\Generated_Source\PSoC5/Button.c **** * \brief Reads the associated physical port (pin status register) and masks 
 101:.\Generated_Source\PSoC5/Button.c **** *  the required bits according to the width and bit position of the component
 102:.\Generated_Source\PSoC5/Button.c **** *  instance. 
 103:.\Generated_Source\PSoC5/Button.c **** *
 104:.\Generated_Source\PSoC5/Button.c **** * The pin's status register returns the current logic level present on the 
 105:.\Generated_Source\PSoC5/Button.c **** * physical pin.
 106:.\Generated_Source\PSoC5/Button.c **** *
 107:.\Generated_Source\PSoC5/Button.c **** * \return 
 108:.\Generated_Source\PSoC5/Button.c **** *  The current value for the pins in the component as a right justified number.
 109:.\Generated_Source\PSoC5/Button.c **** *
 110:.\Generated_Source\PSoC5/Button.c **** * \funcusage
 111:.\Generated_Source\PSoC5/Button.c **** *  \snippet Button_SUT.c usage_Button_Read  
 112:.\Generated_Source\PSoC5/Button.c **** *******************************************************************************/
 113:.\Generated_Source\PSoC5/Button.c **** uint8 Button_Read(void)
 114:.\Generated_Source\PSoC5/Button.c **** {
  91              		.loc 1 114 0
  92              		.cfi_startproc
  93              		@ args = 0, pretend = 0, frame = 0
  94              		@ frame_needed = 0, uses_anonymous_args = 0
  95              		@ link register save eliminated.
 115:.\Generated_Source\PSoC5/Button.c ****     return (Button_PS & Button_MASK) >> Button_SHIFT;
  96              		.loc 1 115 0
  97 0000 014B     		ldr	r3, .L8
  98 0002 1878     		ldrb	r0, [r3]	@ zero_extendqisi2
 116:.\Generated_Source\PSoC5/Button.c **** }
  99              		.loc 1 116 0
 100 0004 C009     		lsrs	r0, r0, #7
 101 0006 7047     		bx	lr
 102              	.L9:
 103              		.align	2
 104              	.L8:
 105 0008 11510040 		.word	1073762577
 106              		.cfi_endproc
 107              	.LFE2:
 108              		.size	Button_Read, .-Button_Read
 109              		.section	.text.Button_ReadDataReg,"ax",%progbits
 110              		.align	2
 111              		.global	Button_ReadDataReg
 112              		.thumb
ARM GAS  C:\Users\robert\AppData\Local\Temp\ccKYGjZA.s 			page 5


 113              		.thumb_func
 114              		.type	Button_ReadDataReg, %function
 115              	Button_ReadDataReg:
 116              	.LFB3:
 117:.\Generated_Source\PSoC5/Button.c **** 
 118:.\Generated_Source\PSoC5/Button.c **** 
 119:.\Generated_Source\PSoC5/Button.c **** /*******************************************************************************
 120:.\Generated_Source\PSoC5/Button.c **** * Function Name: Button_ReadDataReg
 121:.\Generated_Source\PSoC5/Button.c **** ****************************************************************************//**
 122:.\Generated_Source\PSoC5/Button.c **** *
 123:.\Generated_Source\PSoC5/Button.c **** * \brief Reads the associated physical port's data output register and masks 
 124:.\Generated_Source\PSoC5/Button.c **** *  the correct bits according to the width and bit position of the component 
 125:.\Generated_Source\PSoC5/Button.c **** *  instance. 
 126:.\Generated_Source\PSoC5/Button.c **** *
 127:.\Generated_Source\PSoC5/Button.c **** * The data output register controls the signal applied to the physical pin in 
 128:.\Generated_Source\PSoC5/Button.c **** * conjunction with the drive mode parameter. This is not the same as the 
 129:.\Generated_Source\PSoC5/Button.c **** * preferred Button_Read() API because the 
 130:.\Generated_Source\PSoC5/Button.c **** * Button_ReadDataReg() reads the data register instead of the status 
 131:.\Generated_Source\PSoC5/Button.c **** * register. For output pins this is a useful function to determine the value 
 132:.\Generated_Source\PSoC5/Button.c **** * just written to the pin.
 133:.\Generated_Source\PSoC5/Button.c **** *
 134:.\Generated_Source\PSoC5/Button.c **** * \return 
 135:.\Generated_Source\PSoC5/Button.c **** *  The current value of the data register masked and shifted into a right 
 136:.\Generated_Source\PSoC5/Button.c **** *  justified number for the component instance.
 137:.\Generated_Source\PSoC5/Button.c **** *
 138:.\Generated_Source\PSoC5/Button.c **** * \funcusage
 139:.\Generated_Source\PSoC5/Button.c **** *  \snippet Button_SUT.c usage_Button_ReadDataReg 
 140:.\Generated_Source\PSoC5/Button.c **** *******************************************************************************/
 141:.\Generated_Source\PSoC5/Button.c **** uint8 Button_ReadDataReg(void)
 142:.\Generated_Source\PSoC5/Button.c **** {
 117              		.loc 1 142 0
 118              		.cfi_startproc
 119              		@ args = 0, pretend = 0, frame = 0
 120              		@ frame_needed = 0, uses_anonymous_args = 0
 121              		@ link register save eliminated.
 143:.\Generated_Source\PSoC5/Button.c ****     return (Button_DR & Button_MASK) >> Button_SHIFT;
 122              		.loc 1 143 0
 123 0000 014B     		ldr	r3, .L11
 124 0002 1878     		ldrb	r0, [r3]	@ zero_extendqisi2
 144:.\Generated_Source\PSoC5/Button.c **** }
 125              		.loc 1 144 0
 126 0004 C009     		lsrs	r0, r0, #7
 127 0006 7047     		bx	lr
 128              	.L12:
 129              		.align	2
 130              	.L11:
 131 0008 10510040 		.word	1073762576
 132              		.cfi_endproc
 133              	.LFE3:
 134              		.size	Button_ReadDataReg, .-Button_ReadDataReg
 135              		.section	.text.Button_SetInterruptMode,"ax",%progbits
 136              		.align	2
 137              		.global	Button_SetInterruptMode
 138              		.thumb
 139              		.thumb_func
 140              		.type	Button_SetInterruptMode, %function
 141              	Button_SetInterruptMode:
ARM GAS  C:\Users\robert\AppData\Local\Temp\ccKYGjZA.s 			page 6


 142              	.LFB4:
 145:.\Generated_Source\PSoC5/Button.c **** 
 146:.\Generated_Source\PSoC5/Button.c **** 
 147:.\Generated_Source\PSoC5/Button.c **** /* If interrupt is connected for this Pins component */ 
 148:.\Generated_Source\PSoC5/Button.c **** #if defined(Button_INTSTAT) 
 149:.\Generated_Source\PSoC5/Button.c **** 
 150:.\Generated_Source\PSoC5/Button.c ****     /*******************************************************************************
 151:.\Generated_Source\PSoC5/Button.c ****     * Function Name: Button_SetInterruptMode
 152:.\Generated_Source\PSoC5/Button.c ****     ****************************************************************************//**
 153:.\Generated_Source\PSoC5/Button.c ****     *
 154:.\Generated_Source\PSoC5/Button.c ****     * \brief Configures the interrupt mode for each of the Pins component's
 155:.\Generated_Source\PSoC5/Button.c ****     *  pins. Alternatively you may set the interrupt mode for all the pins
 156:.\Generated_Source\PSoC5/Button.c ****     *  specified in the Pins component.
 157:.\Generated_Source\PSoC5/Button.c ****     *
 158:.\Generated_Source\PSoC5/Button.c ****     *  <b>Note</b> The interrupt is port-wide and therefore any enabled pin
 159:.\Generated_Source\PSoC5/Button.c ****     *  interrupt may trigger it.
 160:.\Generated_Source\PSoC5/Button.c ****     *
 161:.\Generated_Source\PSoC5/Button.c ****     * \param position
 162:.\Generated_Source\PSoC5/Button.c ****     *  The pin position as listed in the Pins component. You may OR these to be 
 163:.\Generated_Source\PSoC5/Button.c ****     *  able to configure the interrupt mode of multiple pins within a Pins 
 164:.\Generated_Source\PSoC5/Button.c ****     *  component. Or you may use Button_INTR_ALL to configure the
 165:.\Generated_Source\PSoC5/Button.c ****     *  interrupt mode of all the pins in the Pins component.       
 166:.\Generated_Source\PSoC5/Button.c ****     *  - Button_0_INTR       (First pin in the list)
 167:.\Generated_Source\PSoC5/Button.c ****     *  - Button_1_INTR       (Second pin in the list)
 168:.\Generated_Source\PSoC5/Button.c ****     *  - ...
 169:.\Generated_Source\PSoC5/Button.c ****     *  - Button_INTR_ALL     (All pins in Pins component)
 170:.\Generated_Source\PSoC5/Button.c ****     *
 171:.\Generated_Source\PSoC5/Button.c ****     * \param mode
 172:.\Generated_Source\PSoC5/Button.c ****     *  Interrupt mode for the selected pins. Valid options are documented in
 173:.\Generated_Source\PSoC5/Button.c ****     *  \ref intrMode.
 174:.\Generated_Source\PSoC5/Button.c ****     *
 175:.\Generated_Source\PSoC5/Button.c ****     * \return 
 176:.\Generated_Source\PSoC5/Button.c ****     *  None
 177:.\Generated_Source\PSoC5/Button.c ****     *  
 178:.\Generated_Source\PSoC5/Button.c ****     * \sideeffect
 179:.\Generated_Source\PSoC5/Button.c ****     *  It is recommended that the interrupt be disabled before calling this 
 180:.\Generated_Source\PSoC5/Button.c ****     *  function to avoid unintended interrupt requests. Note that the interrupt
 181:.\Generated_Source\PSoC5/Button.c ****     *  type is port wide, and therefore will trigger for any enabled pin on the 
 182:.\Generated_Source\PSoC5/Button.c ****     *  port.
 183:.\Generated_Source\PSoC5/Button.c ****     *
 184:.\Generated_Source\PSoC5/Button.c ****     * \funcusage
 185:.\Generated_Source\PSoC5/Button.c ****     *  \snippet Button_SUT.c usage_Button_SetInterruptMode
 186:.\Generated_Source\PSoC5/Button.c ****     *******************************************************************************/
 187:.\Generated_Source\PSoC5/Button.c ****     void Button_SetInterruptMode(uint16 position, uint16 mode)
 188:.\Generated_Source\PSoC5/Button.c ****     {
 143              		.loc 1 188 0
 144              		.cfi_startproc
 145              		@ args = 0, pretend = 0, frame = 0
 146              		@ frame_needed = 0, uses_anonymous_args = 0
 147              		@ link register save eliminated.
 148              	.LVL6:
 189:.\Generated_Source\PSoC5/Button.c **** 		if((position & Button_0_INTR) != 0u) 
 149              		.loc 1 189 0
 150 0000 00F08000 		and	r0, r0, #128
 151              	.LVL7:
 152 0004 80B2     		uxth	r0, r0
 153 0006 10B1     		cbz	r0, .L13
ARM GAS  C:\Users\robert\AppData\Local\Temp\ccKYGjZA.s 			page 7


 190:.\Generated_Source\PSoC5/Button.c **** 		{ 
 191:.\Generated_Source\PSoC5/Button.c **** 			 Button_0_INTTYPE_REG = (uint8)mode; 
 154              		.loc 1 191 0
 155 0008 C9B2     		uxtb	r1, r1
 156              	.LVL8:
 157 000a 014B     		ldr	r3, .L15
 158 000c 1970     		strb	r1, [r3]
 159              	.L13:
 160 000e 7047     		bx	lr
 161              	.L16:
 162              		.align	2
 163              	.L15:
 164 0010 0F450040 		.word	1073759503
 165              		.cfi_endproc
 166              	.LFE4:
 167              		.size	Button_SetInterruptMode, .-Button_SetInterruptMode
 168              		.section	.text.Button_ClearInterrupt,"ax",%progbits
 169              		.align	2
 170              		.global	Button_ClearInterrupt
 171              		.thumb
 172              		.thumb_func
 173              		.type	Button_ClearInterrupt, %function
 174              	Button_ClearInterrupt:
 175              	.LFB5:
 192:.\Generated_Source\PSoC5/Button.c **** 		}
 193:.\Generated_Source\PSoC5/Button.c ****     }
 194:.\Generated_Source\PSoC5/Button.c ****     
 195:.\Generated_Source\PSoC5/Button.c ****     
 196:.\Generated_Source\PSoC5/Button.c ****     /*******************************************************************************
 197:.\Generated_Source\PSoC5/Button.c ****     * Function Name: Button_ClearInterrupt
 198:.\Generated_Source\PSoC5/Button.c ****     ****************************************************************************//**
 199:.\Generated_Source\PSoC5/Button.c ****     *
 200:.\Generated_Source\PSoC5/Button.c ****     * \brief Clears any active interrupts attached with the component and returns 
 201:.\Generated_Source\PSoC5/Button.c ****     *  the value of the interrupt status register allowing determination of which
 202:.\Generated_Source\PSoC5/Button.c ****     *  pins generated an interrupt event.
 203:.\Generated_Source\PSoC5/Button.c ****     *
 204:.\Generated_Source\PSoC5/Button.c ****     * \return 
 205:.\Generated_Source\PSoC5/Button.c ****     *  The right-shifted current value of the interrupt status register. Each pin 
 206:.\Generated_Source\PSoC5/Button.c ****     *  has one bit set if it generated an interrupt event. For example, bit 0 is 
 207:.\Generated_Source\PSoC5/Button.c ****     *  for pin 0 and bit 1 is for pin 1 of the Pins component.
 208:.\Generated_Source\PSoC5/Button.c ****     *  
 209:.\Generated_Source\PSoC5/Button.c ****     * \sideeffect
 210:.\Generated_Source\PSoC5/Button.c ****     *  Clears all bits of the physical port's interrupt status register, not just
 211:.\Generated_Source\PSoC5/Button.c ****     *  those associated with the Pins component.
 212:.\Generated_Source\PSoC5/Button.c ****     *
 213:.\Generated_Source\PSoC5/Button.c ****     * \funcusage
 214:.\Generated_Source\PSoC5/Button.c ****     *  \snippet Button_SUT.c usage_Button_ClearInterrupt
 215:.\Generated_Source\PSoC5/Button.c ****     *******************************************************************************/
 216:.\Generated_Source\PSoC5/Button.c ****     uint8 Button_ClearInterrupt(void)
 217:.\Generated_Source\PSoC5/Button.c ****     {
 176              		.loc 1 217 0
 177              		.cfi_startproc
 178              		@ args = 0, pretend = 0, frame = 0
 179              		@ frame_needed = 0, uses_anonymous_args = 0
 180              		@ link register save eliminated.
 218:.\Generated_Source\PSoC5/Button.c ****         return (Button_INTSTAT & Button_MASK) >> Button_SHIFT;
 181              		.loc 1 218 0
ARM GAS  C:\Users\robert\AppData\Local\Temp\ccKYGjZA.s 			page 8


 182 0000 014B     		ldr	r3, .L18
 183 0002 1878     		ldrb	r0, [r3]	@ zero_extendqisi2
 219:.\Generated_Source\PSoC5/Button.c ****     }
 184              		.loc 1 219 0
 185 0004 C009     		lsrs	r0, r0, #7
 186 0006 7047     		bx	lr
 187              	.L19:
 188              		.align	2
 189              	.L18:
 190 0008 81450040 		.word	1073759617
 191              		.cfi_endproc
 192              	.LFE5:
 193              		.size	Button_ClearInterrupt, .-Button_ClearInterrupt
 194              		.text
 195              	.Letext0:
 196              		.file 2 ".\\Generated_Source\\PSoC5\\cytypes.h"
 197              		.section	.debug_info,"",%progbits
 198              	.Ldebug_info0:
 199 0000 72010000 		.4byte	0x172
 200 0004 0400     		.2byte	0x4
 201 0006 00000000 		.4byte	.Ldebug_abbrev0
 202 000a 04       		.byte	0x4
 203 000b 01       		.uleb128 0x1
 204 000c F2000000 		.4byte	.LASF24
 205 0010 01       		.byte	0x1
 206 0011 FB010000 		.4byte	.LASF25
 207 0015 3C000000 		.4byte	.LASF26
 208 0019 00000000 		.4byte	.Ldebug_ranges0+0
 209 001d 00000000 		.4byte	0
 210 0021 00000000 		.4byte	.Ldebug_line0
 211 0025 02       		.uleb128 0x2
 212 0026 01       		.byte	0x1
 213 0027 06       		.byte	0x6
 214 0028 26020000 		.4byte	.LASF0
 215 002c 02       		.uleb128 0x2
 216 002d 01       		.byte	0x1
 217 002e 08       		.byte	0x8
 218 002f A3000000 		.4byte	.LASF1
 219 0033 02       		.uleb128 0x2
 220 0034 02       		.byte	0x2
 221 0035 05       		.byte	0x5
 222 0036 EB010000 		.4byte	.LASF2
 223 003a 02       		.uleb128 0x2
 224 003b 02       		.byte	0x2
 225 003c 07       		.byte	0x7
 226 003d C8000000 		.4byte	.LASF3
 227 0041 02       		.uleb128 0x2
 228 0042 04       		.byte	0x4
 229 0043 05       		.byte	0x5
 230 0044 1D020000 		.4byte	.LASF4
 231 0048 02       		.uleb128 0x2
 232 0049 04       		.byte	0x4
 233 004a 07       		.byte	0x7
 234 004b B6000000 		.4byte	.LASF5
 235 004f 02       		.uleb128 0x2
 236 0050 08       		.byte	0x8
 237 0051 05       		.byte	0x5
ARM GAS  C:\Users\robert\AppData\Local\Temp\ccKYGjZA.s 			page 9


 238 0052 CB010000 		.4byte	.LASF6
 239 0056 02       		.uleb128 0x2
 240 0057 08       		.byte	0x8
 241 0058 07       		.byte	0x7
 242 0059 8D010000 		.4byte	.LASF7
 243 005d 03       		.uleb128 0x3
 244 005e 04       		.byte	0x4
 245 005f 05       		.byte	0x5
 246 0060 696E7400 		.ascii	"int\000"
 247 0064 02       		.uleb128 0x2
 248 0065 04       		.byte	0x4
 249 0066 07       		.byte	0x7
 250 0067 80010000 		.4byte	.LASF8
 251 006b 04       		.uleb128 0x4
 252 006c F5010000 		.4byte	.LASF9
 253 0070 02       		.byte	0x2
 254 0071 9201     		.2byte	0x192
 255 0073 2C000000 		.4byte	0x2c
 256 0077 04       		.uleb128 0x4
 257 0078 E2000000 		.4byte	.LASF10
 258 007c 02       		.byte	0x2
 259 007d 9301     		.2byte	0x193
 260 007f 3A000000 		.4byte	0x3a
 261 0083 02       		.uleb128 0x2
 262 0084 04       		.byte	0x4
 263 0085 04       		.byte	0x4
 264 0086 89000000 		.4byte	.LASF11
 265 008a 02       		.uleb128 0x2
 266 008b 08       		.byte	0x8
 267 008c 04       		.byte	0x4
 268 008d DB000000 		.4byte	.LASF12
 269 0091 02       		.uleb128 0x2
 270 0092 01       		.byte	0x1
 271 0093 08       		.byte	0x8
 272 0094 D9010000 		.4byte	.LASF13
 273 0098 04       		.uleb128 0x4
 274 0099 B1000000 		.4byte	.LASF14
 275 009d 02       		.byte	0x2
 276 009e 3C02     		.2byte	0x23c
 277 00a0 A4000000 		.4byte	0xa4
 278 00a4 05       		.uleb128 0x5
 279 00a5 6B000000 		.4byte	0x6b
 280 00a9 06       		.uleb128 0x6
 281 00aa DE010000 		.4byte	.LASF15
 282 00ae 01       		.byte	0x1
 283 00af 39       		.byte	0x39
 284 00b0 00000000 		.4byte	.LFB0
 285 00b4 18000000 		.4byte	.LFE0-.LFB0
 286 00b8 01       		.uleb128 0x1
 287 00b9 9C       		.byte	0x9c
 288 00ba DD000000 		.4byte	0xdd
 289 00be 07       		.uleb128 0x7
 290 00bf 00000000 		.4byte	.LASF17
 291 00c3 01       		.byte	0x1
 292 00c4 39       		.byte	0x39
 293 00c5 6B000000 		.4byte	0x6b
 294 00c9 00000000 		.4byte	.LLST0
ARM GAS  C:\Users\robert\AppData\Local\Temp\ccKYGjZA.s 			page 10


 295 00cd 08       		.uleb128 0x8
 296 00ce 06000000 		.4byte	.LASF27
 297 00d2 01       		.byte	0x1
 298 00d3 3B       		.byte	0x3b
 299 00d4 6B000000 		.4byte	0x6b
 300 00d8 21000000 		.4byte	.LLST1
 301 00dc 00       		.byte	0
 302 00dd 06       		.uleb128 0x6
 303 00de 8F000000 		.4byte	.LASF16
 304 00e2 01       		.byte	0x1
 305 00e3 5A       		.byte	0x5a
 306 00e4 00000000 		.4byte	.LFB1
 307 00e8 18000000 		.4byte	.LFE1-.LFB1
 308 00ec 01       		.uleb128 0x1
 309 00ed 9C       		.byte	0x9c
 310 00ee 02010000 		.4byte	0x102
 311 00f2 07       		.uleb128 0x7
 312 00f3 A4010000 		.4byte	.LASF18
 313 00f7 01       		.byte	0x1
 314 00f8 5A       		.byte	0x5a
 315 00f9 6B000000 		.4byte	0x6b
 316 00fd 34000000 		.4byte	.LLST2
 317 0101 00       		.byte	0
 318 0102 09       		.uleb128 0x9
 319 0103 BF010000 		.4byte	.LASF19
 320 0107 01       		.byte	0x1
 321 0108 71       		.byte	0x71
 322 0109 6B000000 		.4byte	0x6b
 323 010d 00000000 		.4byte	.LFB2
 324 0111 0C000000 		.4byte	.LFE2-.LFB2
 325 0115 01       		.uleb128 0x1
 326 0116 9C       		.byte	0x9c
 327 0117 09       		.uleb128 0x9
 328 0118 11000000 		.4byte	.LASF20
 329 011c 01       		.byte	0x1
 330 011d 8D       		.byte	0x8d
 331 011e 6B000000 		.4byte	0x6b
 332 0122 00000000 		.4byte	.LFB3
 333 0126 0C000000 		.4byte	.LFE3-.LFB3
 334 012a 01       		.uleb128 0x1
 335 012b 9C       		.byte	0x9c
 336 012c 06       		.uleb128 0x6
 337 012d 24000000 		.4byte	.LASF21
 338 0131 01       		.byte	0x1
 339 0132 BB       		.byte	0xbb
 340 0133 00000000 		.4byte	.LFB4
 341 0137 14000000 		.4byte	.LFE4-.LFB4
 342 013b 01       		.uleb128 0x1
 343 013c 9C       		.byte	0x9c
 344 013d 60010000 		.4byte	0x160
 345 0141 07       		.uleb128 0x7
 346 0142 E9000000 		.4byte	.LASF22
 347 0146 01       		.byte	0x1
 348 0147 BB       		.byte	0xbb
 349 0148 77000000 		.4byte	0x77
 350 014c 55000000 		.4byte	.LLST3
 351 0150 07       		.uleb128 0x7
ARM GAS  C:\Users\robert\AppData\Local\Temp\ccKYGjZA.s 			page 11


 352 0151 A4010000 		.4byte	.LASF18
 353 0155 01       		.byte	0x1
 354 0156 BB       		.byte	0xbb
 355 0157 77000000 		.4byte	0x77
 356 015b 76000000 		.4byte	.LLST4
 357 015f 00       		.byte	0
 358 0160 09       		.uleb128 0x9
 359 0161 A9010000 		.4byte	.LASF23
 360 0165 01       		.byte	0x1
 361 0166 D8       		.byte	0xd8
 362 0167 6B000000 		.4byte	0x6b
 363 016b 00000000 		.4byte	.LFB5
 364 016f 0C000000 		.4byte	.LFE5-.LFB5
 365 0173 01       		.uleb128 0x1
 366 0174 9C       		.byte	0x9c
 367 0175 00       		.byte	0
 368              		.section	.debug_abbrev,"",%progbits
 369              	.Ldebug_abbrev0:
 370 0000 01       		.uleb128 0x1
 371 0001 11       		.uleb128 0x11
 372 0002 01       		.byte	0x1
 373 0003 25       		.uleb128 0x25
 374 0004 0E       		.uleb128 0xe
 375 0005 13       		.uleb128 0x13
 376 0006 0B       		.uleb128 0xb
 377 0007 03       		.uleb128 0x3
 378 0008 0E       		.uleb128 0xe
 379 0009 1B       		.uleb128 0x1b
 380 000a 0E       		.uleb128 0xe
 381 000b 55       		.uleb128 0x55
 382 000c 17       		.uleb128 0x17
 383 000d 11       		.uleb128 0x11
 384 000e 01       		.uleb128 0x1
 385 000f 10       		.uleb128 0x10
 386 0010 17       		.uleb128 0x17
 387 0011 00       		.byte	0
 388 0012 00       		.byte	0
 389 0013 02       		.uleb128 0x2
 390 0014 24       		.uleb128 0x24
 391 0015 00       		.byte	0
 392 0016 0B       		.uleb128 0xb
 393 0017 0B       		.uleb128 0xb
 394 0018 3E       		.uleb128 0x3e
 395 0019 0B       		.uleb128 0xb
 396 001a 03       		.uleb128 0x3
 397 001b 0E       		.uleb128 0xe
 398 001c 00       		.byte	0
 399 001d 00       		.byte	0
 400 001e 03       		.uleb128 0x3
 401 001f 24       		.uleb128 0x24
 402 0020 00       		.byte	0
 403 0021 0B       		.uleb128 0xb
 404 0022 0B       		.uleb128 0xb
 405 0023 3E       		.uleb128 0x3e
 406 0024 0B       		.uleb128 0xb
 407 0025 03       		.uleb128 0x3
 408 0026 08       		.uleb128 0x8
ARM GAS  C:\Users\robert\AppData\Local\Temp\ccKYGjZA.s 			page 12


 409 0027 00       		.byte	0
 410 0028 00       		.byte	0
 411 0029 04       		.uleb128 0x4
 412 002a 16       		.uleb128 0x16
 413 002b 00       		.byte	0
 414 002c 03       		.uleb128 0x3
 415 002d 0E       		.uleb128 0xe
 416 002e 3A       		.uleb128 0x3a
 417 002f 0B       		.uleb128 0xb
 418 0030 3B       		.uleb128 0x3b
 419 0031 05       		.uleb128 0x5
 420 0032 49       		.uleb128 0x49
 421 0033 13       		.uleb128 0x13
 422 0034 00       		.byte	0
 423 0035 00       		.byte	0
 424 0036 05       		.uleb128 0x5
 425 0037 35       		.uleb128 0x35
 426 0038 00       		.byte	0
 427 0039 49       		.uleb128 0x49
 428 003a 13       		.uleb128 0x13
 429 003b 00       		.byte	0
 430 003c 00       		.byte	0
 431 003d 06       		.uleb128 0x6
 432 003e 2E       		.uleb128 0x2e
 433 003f 01       		.byte	0x1
 434 0040 3F       		.uleb128 0x3f
 435 0041 19       		.uleb128 0x19
 436 0042 03       		.uleb128 0x3
 437 0043 0E       		.uleb128 0xe
 438 0044 3A       		.uleb128 0x3a
 439 0045 0B       		.uleb128 0xb
 440 0046 3B       		.uleb128 0x3b
 441 0047 0B       		.uleb128 0xb
 442 0048 27       		.uleb128 0x27
 443 0049 19       		.uleb128 0x19
 444 004a 11       		.uleb128 0x11
 445 004b 01       		.uleb128 0x1
 446 004c 12       		.uleb128 0x12
 447 004d 06       		.uleb128 0x6
 448 004e 40       		.uleb128 0x40
 449 004f 18       		.uleb128 0x18
 450 0050 9742     		.uleb128 0x2117
 451 0052 19       		.uleb128 0x19
 452 0053 01       		.uleb128 0x1
 453 0054 13       		.uleb128 0x13
 454 0055 00       		.byte	0
 455 0056 00       		.byte	0
 456 0057 07       		.uleb128 0x7
 457 0058 05       		.uleb128 0x5
 458 0059 00       		.byte	0
 459 005a 03       		.uleb128 0x3
 460 005b 0E       		.uleb128 0xe
 461 005c 3A       		.uleb128 0x3a
 462 005d 0B       		.uleb128 0xb
 463 005e 3B       		.uleb128 0x3b
 464 005f 0B       		.uleb128 0xb
 465 0060 49       		.uleb128 0x49
ARM GAS  C:\Users\robert\AppData\Local\Temp\ccKYGjZA.s 			page 13


 466 0061 13       		.uleb128 0x13
 467 0062 02       		.uleb128 0x2
 468 0063 17       		.uleb128 0x17
 469 0064 00       		.byte	0
 470 0065 00       		.byte	0
 471 0066 08       		.uleb128 0x8
 472 0067 34       		.uleb128 0x34
 473 0068 00       		.byte	0
 474 0069 03       		.uleb128 0x3
 475 006a 0E       		.uleb128 0xe
 476 006b 3A       		.uleb128 0x3a
 477 006c 0B       		.uleb128 0xb
 478 006d 3B       		.uleb128 0x3b
 479 006e 0B       		.uleb128 0xb
 480 006f 49       		.uleb128 0x49
 481 0070 13       		.uleb128 0x13
 482 0071 02       		.uleb128 0x2
 483 0072 17       		.uleb128 0x17
 484 0073 00       		.byte	0
 485 0074 00       		.byte	0
 486 0075 09       		.uleb128 0x9
 487 0076 2E       		.uleb128 0x2e
 488 0077 00       		.byte	0
 489 0078 3F       		.uleb128 0x3f
 490 0079 19       		.uleb128 0x19
 491 007a 03       		.uleb128 0x3
 492 007b 0E       		.uleb128 0xe
 493 007c 3A       		.uleb128 0x3a
 494 007d 0B       		.uleb128 0xb
 495 007e 3B       		.uleb128 0x3b
 496 007f 0B       		.uleb128 0xb
 497 0080 27       		.uleb128 0x27
 498 0081 19       		.uleb128 0x19
 499 0082 49       		.uleb128 0x49
 500 0083 13       		.uleb128 0x13
 501 0084 11       		.uleb128 0x11
 502 0085 01       		.uleb128 0x1
 503 0086 12       		.uleb128 0x12
 504 0087 06       		.uleb128 0x6
 505 0088 40       		.uleb128 0x40
 506 0089 18       		.uleb128 0x18
 507 008a 9742     		.uleb128 0x2117
 508 008c 19       		.uleb128 0x19
 509 008d 00       		.byte	0
 510 008e 00       		.byte	0
 511 008f 00       		.byte	0
 512              		.section	.debug_loc,"",%progbits
 513              	.Ldebug_loc0:
 514              	.LLST0:
 515 0000 00000000 		.4byte	.LVL0
 516 0004 0A000000 		.4byte	.LVL2
 517 0008 0100     		.2byte	0x1
 518 000a 50       		.byte	0x50
 519 000b 0A000000 		.4byte	.LVL2
 520 000f 18000000 		.4byte	.LFE0
 521 0013 0400     		.2byte	0x4
 522 0015 F3       		.byte	0xf3
ARM GAS  C:\Users\robert\AppData\Local\Temp\ccKYGjZA.s 			page 14


 523 0016 01       		.uleb128 0x1
 524 0017 50       		.byte	0x50
 525 0018 9F       		.byte	0x9f
 526 0019 00000000 		.4byte	0
 527 001d 00000000 		.4byte	0
 528              	.LLST1:
 529 0021 08000000 		.4byte	.LVL1
 530 0025 0E000000 		.4byte	.LVL3
 531 0029 0100     		.2byte	0x1
 532 002b 53       		.byte	0x53
 533 002c 00000000 		.4byte	0
 534 0030 00000000 		.4byte	0
 535              	.LLST2:
 536 0034 00000000 		.4byte	.LVL4
 537 0038 0C000000 		.4byte	.LVL5
 538 003c 0100     		.2byte	0x1
 539 003e 50       		.byte	0x50
 540 003f 0C000000 		.4byte	.LVL5
 541 0043 18000000 		.4byte	.LFE1
 542 0047 0400     		.2byte	0x4
 543 0049 F3       		.byte	0xf3
 544 004a 01       		.uleb128 0x1
 545 004b 50       		.byte	0x50
 546 004c 9F       		.byte	0x9f
 547 004d 00000000 		.4byte	0
 548 0051 00000000 		.4byte	0
 549              	.LLST3:
 550 0055 00000000 		.4byte	.LVL6
 551 0059 04000000 		.4byte	.LVL7
 552 005d 0100     		.2byte	0x1
 553 005f 50       		.byte	0x50
 554 0060 04000000 		.4byte	.LVL7
 555 0064 14000000 		.4byte	.LFE4
 556 0068 0400     		.2byte	0x4
 557 006a F3       		.byte	0xf3
 558 006b 01       		.uleb128 0x1
 559 006c 50       		.byte	0x50
 560 006d 9F       		.byte	0x9f
 561 006e 00000000 		.4byte	0
 562 0072 00000000 		.4byte	0
 563              	.LLST4:
 564 0076 00000000 		.4byte	.LVL6
 565 007a 0A000000 		.4byte	.LVL8
 566 007e 0100     		.2byte	0x1
 567 0080 51       		.byte	0x51
 568 0081 0A000000 		.4byte	.LVL8
 569 0085 14000000 		.4byte	.LFE4
 570 0089 0400     		.2byte	0x4
 571 008b F3       		.byte	0xf3
 572 008c 01       		.uleb128 0x1
 573 008d 51       		.byte	0x51
 574 008e 9F       		.byte	0x9f
 575 008f 00000000 		.4byte	0
 576 0093 00000000 		.4byte	0
 577              		.section	.debug_aranges,"",%progbits
 578 0000 44000000 		.4byte	0x44
 579 0004 0200     		.2byte	0x2
ARM GAS  C:\Users\robert\AppData\Local\Temp\ccKYGjZA.s 			page 15


 580 0006 00000000 		.4byte	.Ldebug_info0
 581 000a 04       		.byte	0x4
 582 000b 00       		.byte	0
 583 000c 0000     		.2byte	0
 584 000e 0000     		.2byte	0
 585 0010 00000000 		.4byte	.LFB0
 586 0014 18000000 		.4byte	.LFE0-.LFB0
 587 0018 00000000 		.4byte	.LFB1
 588 001c 18000000 		.4byte	.LFE1-.LFB1
 589 0020 00000000 		.4byte	.LFB2
 590 0024 0C000000 		.4byte	.LFE2-.LFB2
 591 0028 00000000 		.4byte	.LFB3
 592 002c 0C000000 		.4byte	.LFE3-.LFB3
 593 0030 00000000 		.4byte	.LFB4
 594 0034 14000000 		.4byte	.LFE4-.LFB4
 595 0038 00000000 		.4byte	.LFB5
 596 003c 0C000000 		.4byte	.LFE5-.LFB5
 597 0040 00000000 		.4byte	0
 598 0044 00000000 		.4byte	0
 599              		.section	.debug_ranges,"",%progbits
 600              	.Ldebug_ranges0:
 601 0000 00000000 		.4byte	.LFB0
 602 0004 18000000 		.4byte	.LFE0
 603 0008 00000000 		.4byte	.LFB1
 604 000c 18000000 		.4byte	.LFE1
 605 0010 00000000 		.4byte	.LFB2
 606 0014 0C000000 		.4byte	.LFE2
 607 0018 00000000 		.4byte	.LFB3
 608 001c 0C000000 		.4byte	.LFE3
 609 0020 00000000 		.4byte	.LFB4
 610 0024 14000000 		.4byte	.LFE4
 611 0028 00000000 		.4byte	.LFB5
 612 002c 0C000000 		.4byte	.LFE5
 613 0030 00000000 		.4byte	0
 614 0034 00000000 		.4byte	0
 615              		.section	.debug_line,"",%progbits
 616              	.Ldebug_line0:
 617 0000 B5000000 		.section	.debug_str,"MS",%progbits,1
 617      02004500 
 617      00000201 
 617      FB0E0D00 
 617      01010101 
 618              	.LASF17:
 619 0000 76616C75 		.ascii	"value\000"
 619      6500
 620              	.LASF27:
 621 0006 73746174 		.ascii	"staticBits\000"
 621      69634269 
 621      747300
 622              	.LASF20:
 623 0011 42757474 		.ascii	"Button_ReadDataReg\000"
 623      6F6E5F52 
 623      65616444 
 623      61746152 
 623      656700
 624              	.LASF21:
 625 0024 42757474 		.ascii	"Button_SetInterruptMode\000"
ARM GAS  C:\Users\robert\AppData\Local\Temp\ccKYGjZA.s 			page 16


 625      6F6E5F53 
 625      6574496E 
 625      74657272 
 625      7570744D 
 626              	.LASF26:
 627 003c 433A5C55 		.ascii	"C:\\Users\\robert\\Documents\\PSoC Creator\\TestWor"
 627      73657273 
 627      5C726F62 
 627      6572745C 
 627      446F6375 
 628 006a 6B737061 		.ascii	"kspace\\I2C_LCD_Example01.cydsn\000"
 628      63655C49 
 628      32435F4C 
 628      43445F45 
 628      78616D70 
 629              	.LASF11:
 630 0089 666C6F61 		.ascii	"float\000"
 630      7400
 631              	.LASF16:
 632 008f 42757474 		.ascii	"Button_SetDriveMode\000"
 632      6F6E5F53 
 632      65744472 
 632      6976654D 
 632      6F646500 
 633              	.LASF1:
 634 00a3 756E7369 		.ascii	"unsigned char\000"
 634      676E6564 
 634      20636861 
 634      7200
 635              	.LASF14:
 636 00b1 72656738 		.ascii	"reg8\000"
 636      00
 637              	.LASF5:
 638 00b6 6C6F6E67 		.ascii	"long unsigned int\000"
 638      20756E73 
 638      69676E65 
 638      6420696E 
 638      7400
 639              	.LASF3:
 640 00c8 73686F72 		.ascii	"short unsigned int\000"
 640      7420756E 
 640      7369676E 
 640      65642069 
 640      6E7400
 641              	.LASF12:
 642 00db 646F7562 		.ascii	"double\000"
 642      6C6500
 643              	.LASF10:
 644 00e2 75696E74 		.ascii	"uint16\000"
 644      313600
 645              	.LASF22:
 646 00e9 706F7369 		.ascii	"position\000"
 646      74696F6E 
 646      00
 647              	.LASF24:
 648 00f2 474E5520 		.ascii	"GNU C 4.9.3 20150303 (release) [ARM/embedded-4_9-br"
 648      4320342E 
ARM GAS  C:\Users\robert\AppData\Local\Temp\ccKYGjZA.s 			page 17


 648      392E3320 
 648      32303135 
 648      30333033 
 649 0125 616E6368 		.ascii	"anch revision 221220] -mcpu=cortex-m3 -mthumb -g -O"
 649      20726576 
 649      6973696F 
 649      6E203232 
 649      31323230 
 650 0158 67202D66 		.ascii	"g -ffunction-sections -ffat-lto-objects\000"
 650      66756E63 
 650      74696F6E 
 650      2D736563 
 650      74696F6E 
 651              	.LASF8:
 652 0180 756E7369 		.ascii	"unsigned int\000"
 652      676E6564 
 652      20696E74 
 652      00
 653              	.LASF7:
 654 018d 6C6F6E67 		.ascii	"long long unsigned int\000"
 654      206C6F6E 
 654      6720756E 
 654      7369676E 
 654      65642069 
 655              	.LASF18:
 656 01a4 6D6F6465 		.ascii	"mode\000"
 656      00
 657              	.LASF23:
 658 01a9 42757474 		.ascii	"Button_ClearInterrupt\000"
 658      6F6E5F43 
 658      6C656172 
 658      496E7465 
 658      72727570 
 659              	.LASF19:
 660 01bf 42757474 		.ascii	"Button_Read\000"
 660      6F6E5F52 
 660      65616400 
 661              	.LASF6:
 662 01cb 6C6F6E67 		.ascii	"long long int\000"
 662      206C6F6E 
 662      6720696E 
 662      7400
 663              	.LASF13:
 664 01d9 63686172 		.ascii	"char\000"
 664      00
 665              	.LASF15:
 666 01de 42757474 		.ascii	"Button_Write\000"
 666      6F6E5F57 
 666      72697465 
 666      00
 667              	.LASF2:
 668 01eb 73686F72 		.ascii	"short int\000"
 668      7420696E 
 668      7400
 669              	.LASF9:
 670 01f5 75696E74 		.ascii	"uint8\000"
 670      3800
ARM GAS  C:\Users\robert\AppData\Local\Temp\ccKYGjZA.s 			page 18


 671              	.LASF25:
 672 01fb 2E5C4765 		.ascii	".\\Generated_Source\\PSoC5\\Button.c\000"
 672      6E657261 
 672      7465645F 
 672      536F7572 
 672      63655C50 
 673              	.LASF4:
 674 021d 6C6F6E67 		.ascii	"long int\000"
 674      20696E74 
 674      00
 675              	.LASF0:
 676 0226 7369676E 		.ascii	"signed char\000"
 676      65642063 
 676      68617200 
 677              		.ident	"GCC: (GNU Tools for ARM Embedded Processors) 4.9.3 20150303 (release) [ARM/embedded-4_9-br
