ARM GAS  C:\Users\robert\AppData\Local\Temp\ccLH8tNj.s 			page 1


   1              		.syntax unified
   2              		.cpu cortex-m3
   3              		.fpu softvfp
   4              		.eabi_attribute 20, 1
   5              		.eabi_attribute 21, 1
   6              		.eabi_attribute 23, 3
   7              		.eabi_attribute 24, 1
   8              		.eabi_attribute 25, 1
   9              		.eabi_attribute 26, 1
  10              		.eabi_attribute 30, 1
  11              		.eabi_attribute 34, 1
  12              		.eabi_attribute 18, 4
  13              		.thumb
  14              		.file	"cymetadata.c"
  15              		.text
  16              	.Ltext0:
  17              		.cfi_sections	.debug_frame
  18              		.global	cy_metadata
  19              		.global	cy_meta_flashprotect
  20              		.global	cy_meta_wonvl
  21              		.global	cy_meta_custnvl
  22              		.global	cy_meta_configecc
  23              		.section	.cyconfigecc,"a",%progbits
  24              		.align	2
  25              		.type	cy_meta_configecc, %object
  26              		.size	cy_meta_configecc, 1356
  27              	cy_meta_configecc:
  28 0000 01       		.byte	1
  29 0001 45       		.byte	69
  30 0002 00       		.byte	0
  31 0003 40       		.byte	64
  32 0004 05       		.byte	5
  33 0005 52       		.byte	82
  34 0006 00       		.byte	0
  35 0007 40       		.byte	64
  36 0008 03       		.byte	3
  37 0009 64       		.byte	100
  38 000a 00       		.byte	0
  39 000b 40       		.byte	64
  40 000c 4C       		.byte	76
  41 000d 00       		.byte	0
  42 000e 01       		.byte	1
  43 000f 40       		.byte	64
  44 0010 30       		.byte	48
  45 0011 01       		.byte	1
  46 0012 01       		.byte	1
  47 0013 40       		.byte	64
  48 0014 51       		.byte	81
  49 0015 02       		.byte	2
  50 0016 01       		.byte	1
  51 0017 40       		.byte	64
  52 0018 44       		.byte	68
  53 0019 03       		.byte	3
  54 001a 01       		.byte	1
  55 001b 40       		.byte	64
  56 001c 5E       		.byte	94
  57 001d 04       		.byte	4
ARM GAS  C:\Users\robert\AppData\Local\Temp\ccLH8tNj.s 			page 2


  58 001e 01       		.byte	1
  59 001f 40       		.byte	64
  60 0020 43       		.byte	67
  61 0021 05       		.byte	5
  62 0022 01       		.byte	1
  63 0023 40       		.byte	64
  64 0024 15       		.byte	21
  65 0025 06       		.byte	6
  66 0026 01       		.byte	1
  67 0027 40       		.byte	64
  68 0028 46       		.byte	70
  69 0029 07       		.byte	7
  70 002a 01       		.byte	1
  71 002b 40       		.byte	64
  72 002c 02       		.byte	2
  73 002d 40       		.byte	64
  74 002e 01       		.byte	1
  75 002f 40       		.byte	64
  76 0030 07       		.byte	7
  77 0031 41       		.byte	65
  78 0032 01       		.byte	1
  79 0033 40       		.byte	64
  80 0034 08       		.byte	8
  81 0035 42       		.byte	66
  82 0036 01       		.byte	1
  83 0037 40       		.byte	64
  84 0038 03       		.byte	3
  85 0039 43       		.byte	67
  86 003a 01       		.byte	1
  87 003b 40       		.byte	64
  88 003c 03       		.byte	3
  89 003d 50       		.byte	80
  90 003e 01       		.byte	1
  91 003f 40       		.byte	64
  92 0040 01       		.byte	1
  93 0041 51       		.byte	81
  94 0042 01       		.byte	1
  95 0043 40       		.byte	64
  96 0044 0F       		.byte	15
  97 0045 02       		.byte	2
  98 0046 01       		.byte	1
  99 0047 02       		.byte	2
 100 0048 04       		.byte	4
 101 0049 02       		.byte	2
 102 004a 0C       		.byte	12
 103 004b 80       		.byte	-128
 104 004c 61       		.byte	97
 105 004d 08       		.byte	8
 106 004e 64       		.byte	100
 107 004f 08       		.byte	8
 108 0050 25       		.byte	37
 109 0051 0F       		.byte	15
 110 0052 27       		.byte	39
 111 0053 04       		.byte	4
 112 0054 35       		.byte	53
 113 0055 08       		.byte	8
 114 0056 00       		.byte	0
ARM GAS  C:\Users\robert\AppData\Local\Temp\ccLH8tNj.s 			page 3


 115 0057 02       		.byte	2
 116 0058 02       		.byte	2
 117 0059 04       		.byte	4
 118 005a 03       		.byte	3
 119 005b 01       		.byte	1
 120 005c 04       		.byte	4
 121 005d 1E       		.byte	30
 122 005e 05       		.byte	5
 123 005f 02       		.byte	2
 124 0060 08       		.byte	8
 125 0061 10       		.byte	16
 126 0062 0A       		.byte	10
 127 0063 0A       		.byte	10
 128 0064 0B       		.byte	11
 129 0065 02       		.byte	2
 130 0066 0D       		.byte	13
 131 0067 A5       		.byte	-91
 132 0068 0F       		.byte	15
 133 0069 4A       		.byte	74
 134 006a 10       		.byte	16
 135 006b 0C       		.byte	12
 136 006c 11       		.byte	17
 137 006d 04       		.byte	4
 138 006e 16       		.byte	22
 139 006f 04       		.byte	4
 140 0070 17       		.byte	23
 141 0071 B5       		.byte	-75
 142 0072 19       		.byte	25
 143 0073 4D       		.byte	77
 144 0074 1A       		.byte	26
 145 0075 20       		.byte	32
 146 0076 1B       		.byte	27
 147 0077 92       		.byte	-110
 148 0078 1D       		.byte	29
 149 0079 CC       		.byte	-52
 150 007a 1F       		.byte	31
 151 007b 13       		.byte	19
 152 007c 20       		.byte	32
 153 007d 02       		.byte	2
 154 007e 22       		.byte	34
 155 007f 04       		.byte	4
 156 0080 23       		.byte	35
 157 0081 04       		.byte	4
 158 0082 24       		.byte	36
 159 0083 02       		.byte	2
 160 0084 25       		.byte	37
 161 0085 FF       		.byte	-1
 162 0086 26       		.byte	38
 163 0087 08       		.byte	8
 164 0088 28       		.byte	40
 165 0089 01       		.byte	1
 166 008a 29       		.byte	41
 167 008b A9       		.byte	-87
 168 008c 2B       		.byte	43
 169 008d 54       		.byte	84
 170 008e 2C       		.byte	44
 171 008f 0A       		.byte	10
ARM GAS  C:\Users\robert\AppData\Local\Temp\ccLH8tNj.s 			page 4


 172 0090 2D       		.byte	45
 173 0091 1A       		.byte	26
 174 0092 2E       		.byte	46
 175 0093 14       		.byte	20
 176 0094 2F       		.byte	47
 177 0095 60       		.byte	96
 178 0096 30       		.byte	48
 179 0097 3E       		.byte	62
 180 0098 32       		.byte	50
 181 0099 01       		.byte	1
 182 009a 35       		.byte	53
 183 009b FF       		.byte	-1
 184 009c 3F       		.byte	63
 185 009d 10       		.byte	16
 186 009e 52       		.byte	82
 187 009f F6       		.byte	-10
 188 00a0 58       		.byte	88
 189 00a1 04       		.byte	4
 190 00a2 59       		.byte	89
 191 00a3 04       		.byte	4
 192 00a4 5B       		.byte	91
 193 00a5 04       		.byte	4
 194 00a6 5F       		.byte	95
 195 00a7 01       		.byte	1
 196 00a8 80       		.byte	-128
 197 00a9 01       		.byte	1
 198 00aa 82       		.byte	-126
 199 00ab 32       		.byte	50
 200 00ac 83       		.byte	-125
 201 00ad 01       		.byte	1
 202 00ae 84       		.byte	-124
 203 00af 01       		.byte	1
 204 00b0 86       		.byte	-122
 205 00b1 04       		.byte	4
 206 00b2 8C       		.byte	-116
 207 00b3 01       		.byte	1
 208 00b4 8D       		.byte	-115
 209 00b5 2A       		.byte	42
 210 00b6 8E       		.byte	-114
 211 00b7 06       		.byte	6
 212 00b8 8F       		.byte	-113
 213 00b9 54       		.byte	84
 214 00ba 91       		.byte	-111
 215 00bb 0E       		.byte	14
 216 00bc 93       		.byte	-109
 217 00bd 30       		.byte	48
 218 00be 95       		.byte	-107
 219 00bf 40       		.byte	64
 220 00c0 96       		.byte	-106
 221 00c1 13       		.byte	19
 222 00c2 97       		.byte	-105
 223 00c3 13       		.byte	19
 224 00c4 99       		.byte	-103
 225 00c5 33       		.byte	51
 226 00c6 9B       		.byte	-101
 227 00c7 0C       		.byte	12
 228 00c8 9C       		.byte	-100
ARM GAS  C:\Users\robert\AppData\Local\Temp\ccLH8tNj.s 			page 5


 229 00c9 12       		.byte	18
 230 00ca 9D       		.byte	-99
 231 00cb 46       		.byte	70
 232 00cc 9E       		.byte	-98
 233 00cd 01       		.byte	1
 234 00ce 9F       		.byte	-97
 235 00cf A9       		.byte	-87
 236 00d0 A2       		.byte	-94
 237 00d1 1B       		.byte	27
 238 00d2 A5       		.byte	-91
 239 00d3 FF       		.byte	-1
 240 00d4 A9       		.byte	-87
 241 00d5 80       		.byte	-128
 242 00d6 AB       		.byte	-85
 243 00d7 56       		.byte	86
 244 00d8 AE       		.byte	-82
 245 00d9 13       		.byte	19
 246 00da B0       		.byte	-80
 247 00db 07       		.byte	7
 248 00dc B2       		.byte	-78
 249 00dd 08       		.byte	8
 250 00de B4       		.byte	-76
 251 00df 10       		.byte	16
 252 00e0 B6       		.byte	-74
 253 00e1 20       		.byte	32
 254 00e2 B7       		.byte	-73
 255 00e3 FF       		.byte	-1
 256 00e4 BA       		.byte	-70
 257 00e5 02       		.byte	2
 258 00e6 BE       		.byte	-66
 259 00e7 10       		.byte	16
 260 00e8 D8       		.byte	-40
 261 00e9 04       		.byte	4
 262 00ea D9       		.byte	-39
 263 00eb 04       		.byte	4
 264 00ec DF       		.byte	-33
 265 00ed 01       		.byte	1
 266 00ee 00       		.byte	0
 267 00ef 02       		.byte	2
 268 00f0 01       		.byte	1
 269 00f1 08       		.byte	8
 270 00f2 03       		.byte	3
 271 00f3 04       		.byte	4
 272 00f4 04       		.byte	4
 273 00f5 40       		.byte	64
 274 00f6 05       		.byte	5
 275 00f7 09       		.byte	9
 276 00f8 08       		.byte	8
 277 00f9 06       		.byte	6
 278 00fa 09       		.byte	9
 279 00fb 20       		.byte	32
 280 00fc 0E       		.byte	14
 281 00fd 12       		.byte	18
 282 00fe 11       		.byte	17
 283 00ff 50       		.byte	80
 284 0100 12       		.byte	18
 285 0101 80       		.byte	-128
ARM GAS  C:\Users\robert\AppData\Local\Temp\ccLH8tNj.s 			page 6


 286 0102 13       		.byte	19
 287 0103 08       		.byte	8
 288 0104 15       		.byte	21
 289 0105 80       		.byte	-128
 290 0106 16       		.byte	22
 291 0107 80       		.byte	-128
 292 0108 18       		.byte	24
 293 0109 80       		.byte	-128
 294 010a 19       		.byte	25
 295 010b 08       		.byte	8
 296 010c 1C       		.byte	28
 297 010d 44       		.byte	68
 298 010e 1E       		.byte	30
 299 010f 12       		.byte	18
 300 0110 21       		.byte	33
 301 0111 20       		.byte	32
 302 0112 26       		.byte	38
 303 0113 80       		.byte	-128
 304 0114 27       		.byte	39
 305 0115 02       		.byte	2
 306 0116 28       		.byte	40
 307 0117 02       		.byte	2
 308 0118 29       		.byte	41
 309 0119 28       		.byte	40
 310 011a 2A       		.byte	42
 311 011b 0A       		.byte	10
 312 011c 2D       		.byte	45
 313 011d 08       		.byte	8
 314 011e 2F       		.byte	47
 315 011f 08       		.byte	8
 316 0120 30       		.byte	48
 317 0121 01       		.byte	1
 318 0122 32       		.byte	50
 319 0123 80       		.byte	-128
 320 0124 33       		.byte	51
 321 0125 2C       		.byte	44
 322 0126 34       		.byte	52
 323 0127 06       		.byte	6
 324 0128 35       		.byte	53
 325 0129 20       		.byte	32
 326 012a 36       		.byte	54
 327 012b 80       		.byte	-128
 328 012c 38       		.byte	56
 329 012d 82       		.byte	-126
 330 012e 39       		.byte	57
 331 012f 40       		.byte	64
 332 0130 3B       		.byte	59
 333 0131 14       		.byte	20
 334 0132 3C       		.byte	60
 335 0133 02       		.byte	2
 336 0134 3D       		.byte	61
 337 0135 40       		.byte	64
 338 0136 69       		.byte	105
 339 0137 14       		.byte	20
 340 0138 70       		.byte	112
 341 0139 21       		.byte	33
 342 013a 72       		.byte	114
ARM GAS  C:\Users\robert\AppData\Local\Temp\ccLH8tNj.s 			page 7


 343 013b 02       		.byte	2
 344 013c 73       		.byte	115
 345 013d 10       		.byte	16
 346 013e 84       		.byte	-124
 347 013f 21       		.byte	33
 348 0140 85       		.byte	-123
 349 0141 40       		.byte	64
 350 0142 C0       		.byte	-64
 351 0143 BE       		.byte	-66
 352 0144 C2       		.byte	-62
 353 0145 AE       		.byte	-82
 354 0146 C4       		.byte	-60
 355 0147 9F       		.byte	-97
 356 0148 CA       		.byte	-54
 357 0149 6F       		.byte	111
 358 014a CC       		.byte	-52
 359 014b FF       		.byte	-1
 360 014c CE       		.byte	-50
 361 014d 9F       		.byte	-97
 362 014e 02       		.byte	2
 363 014f 78       		.byte	120
 364 0150 06       		.byte	6
 365 0151 78       		.byte	120
 366 0152 0A       		.byte	10
 367 0153 13       		.byte	19
 368 0154 0E       		.byte	14
 369 0155 43       		.byte	67
 370 0156 10       		.byte	16
 371 0157 02       		.byte	2
 372 0158 12       		.byte	18
 373 0159 01       		.byte	1
 374 015a 14       		.byte	20
 375 015b 03       		.byte	3
 376 015c 15       		.byte	21
 377 015d 01       		.byte	1
 378 015e 16       		.byte	22
 379 015f 20       		.byte	32
 380 0160 17       		.byte	23
 381 0161 02       		.byte	2
 382 0162 18       		.byte	24
 383 0163 01       		.byte	1
 384 0164 1A       		.byte	26
 385 0165 06       		.byte	6
 386 0166 1C       		.byte	28
 387 0167 78       		.byte	120
 388 0168 1E       		.byte	30
 389 0169 80       		.byte	-128
 390 016a 20       		.byte	32
 391 016b 03       		.byte	3
 392 016c 22       		.byte	34
 393 016d 40       		.byte	64
 394 016e 24       		.byte	36
 395 016f 78       		.byte	120
 396 0170 26       		.byte	38
 397 0171 03       		.byte	3
 398 0172 28       		.byte	40
 399 0173 01       		.byte	1
ARM GAS  C:\Users\robert\AppData\Local\Temp\ccLH8tNj.s 			page 8


 400 0174 2A       		.byte	42
 401 0175 04       		.byte	4
 402 0176 2D       		.byte	45
 403 0177 01       		.byte	1
 404 0178 2E       		.byte	46
 405 0179 0B       		.byte	11
 406 017a 2F       		.byte	47
 407 017b 06       		.byte	6
 408 017c 31       		.byte	49
 409 017d 03       		.byte	3
 410 017e 32       		.byte	50
 411 017f 78       		.byte	120
 412 0180 34       		.byte	52
 413 0181 07       		.byte	7
 414 0182 36       		.byte	54
 415 0183 80       		.byte	-128
 416 0184 37       		.byte	55
 417 0185 04       		.byte	4
 418 0186 3A       		.byte	58
 419 0187 20       		.byte	32
 420 0188 3E       		.byte	62
 421 0189 04       		.byte	4
 422 018a 58       		.byte	88
 423 018b 04       		.byte	4
 424 018c 59       		.byte	89
 425 018d 04       		.byte	4
 426 018e 5F       		.byte	95
 427 018f 01       		.byte	1
 428 0190 80       		.byte	-128
 429 0191 01       		.byte	1
 430 0192 82       		.byte	-126
 431 0193 0E       		.byte	14
 432 0194 83       		.byte	-125
 433 0195 10       		.byte	16
 434 0196 84       		.byte	-124
 435 0197 81       		.byte	-127
 436 0198 85       		.byte	-123
 437 0199 71       		.byte	113
 438 019a 86       		.byte	-122
 439 019b 28       		.byte	40
 440 019c 87       		.byte	-121
 441 019d 02       		.byte	2
 442 019e 89       		.byte	-119
 443 019f 71       		.byte	113
 444 01a0 8B       		.byte	-117
 445 01a1 08       		.byte	8
 446 01a2 8E       		.byte	-114
 447 01a3 40       		.byte	64
 448 01a4 90       		.byte	-112
 449 01a5 07       		.byte	7
 450 01a6 92       		.byte	-110
 451 01a7 10       		.byte	16
 452 01a8 95       		.byte	-107
 453 01a9 01       		.byte	1
 454 01aa 97       		.byte	-105
 455 01ab 0E       		.byte	14
 456 01ac 98       		.byte	-104
ARM GAS  C:\Users\robert\AppData\Local\Temp\ccLH8tNj.s 			page 9


 457 01ad 80       		.byte	-128
 458 01ae 9A       		.byte	-102
 459 01af 10       		.byte	16
 460 01b0 9B       		.byte	-101
 461 01b1 40       		.byte	64
 462 01b2 9D       		.byte	-99
 463 01b3 25       		.byte	37
 464 01b4 A0       		.byte	-96
 465 01b5 06       		.byte	6
 466 01b6 A1       		.byte	-95
 467 01b7 04       		.byte	4
 468 01b8 A2       		.byte	-94
 469 01b9 01       		.byte	1
 470 01ba A3       		.byte	-93
 471 01bb 01       		.byte	1
 472 01bc A4       		.byte	-92
 473 01bd 07       		.byte	7
 474 01be A5       		.byte	-91
 475 01bf 25       		.byte	37
 476 01c0 A6       		.byte	-90
 477 01c1 10       		.byte	16
 478 01c2 A8       		.byte	-88
 479 01c3 03       		.byte	3
 480 01c4 A9       		.byte	-87
 481 01c5 05       		.byte	5
 482 01c6 AA       		.byte	-86
 483 01c7 34       		.byte	52
 484 01c8 AB       		.byte	-85
 485 01c9 20       		.byte	32
 486 01ca AC       		.byte	-84
 487 01cb 02       		.byte	2
 488 01cc AD       		.byte	-83
 489 01cd 04       		.byte	4
 490 01ce AE       		.byte	-82
 491 01cf 05       		.byte	5
 492 01d0 AF       		.byte	-81
 493 01d1 21       		.byte	33
 494 01d2 B0       		.byte	-80
 495 01d3 0F       		.byte	15
 496 01d4 B3       		.byte	-77
 497 01d5 0F       		.byte	15
 498 01d6 B4       		.byte	-76
 499 01d7 70       		.byte	112
 500 01d8 B5       		.byte	-75
 501 01d9 40       		.byte	64
 502 01da B6       		.byte	-74
 503 01db 80       		.byte	-128
 504 01dc B7       		.byte	-73
 505 01dd 30       		.byte	48
 506 01de B8       		.byte	-72
 507 01df 80       		.byte	-128
 508 01e0 BA       		.byte	-70
 509 01e1 22       		.byte	34
 510 01e2 BB       		.byte	-69
 511 01e3 08       		.byte	8
 512 01e4 D4       		.byte	-44
 513 01e5 20       		.byte	32
ARM GAS  C:\Users\robert\AppData\Local\Temp\ccLH8tNj.s 			page 10


 514 01e6 D6       		.byte	-42
 515 01e7 04       		.byte	4
 516 01e8 D8       		.byte	-40
 517 01e9 04       		.byte	4
 518 01ea D9       		.byte	-39
 519 01eb 04       		.byte	4
 520 01ec DB       		.byte	-37
 521 01ed 04       		.byte	4
 522 01ee DF       		.byte	-33
 523 01ef 01       		.byte	1
 524 01f0 00       		.byte	0
 525 01f1 80       		.byte	-128
 526 01f2 01       		.byte	1
 527 01f3 0A       		.byte	10
 528 01f4 04       		.byte	4
 529 01f5 80       		.byte	-128
 530 01f6 05       		.byte	5
 531 01f7 24       		.byte	36
 532 01f8 06       		.byte	6
 533 01f9 85       		.byte	-123
 534 01fa 07       		.byte	7
 535 01fb 08       		.byte	8
 536 01fc 08       		.byte	8
 537 01fd 12       		.byte	18
 538 01fe 0C       		.byte	12
 539 01ff 04       		.byte	4
 540 0200 0D       		.byte	13
 541 0201 C0       		.byte	-64
 542 0202 0E       		.byte	14
 543 0203 08       		.byte	8
 544 0204 0F       		.byte	15
 545 0205 A0       		.byte	-96
 546 0206 10       		.byte	16
 547 0207 04       		.byte	4
 548 0208 12       		.byte	18
 549 0209 01       		.byte	1
 550 020a 13       		.byte	19
 551 020b 0A       		.byte	10
 552 020c 14       		.byte	20
 553 020d 12       		.byte	18
 554 020e 15       		.byte	21
 555 020f 10       		.byte	16
 556 0210 16       		.byte	22
 557 0211 48       		.byte	72
 558 0212 17       		.byte	23
 559 0213 46       		.byte	70
 560 0214 19       		.byte	25
 561 0215 02       		.byte	2
 562 0216 1B       		.byte	27
 563 0217 B0       		.byte	-80
 564 0218 1D       		.byte	29
 565 0219 10       		.byte	16
 566 021a 1E       		.byte	30
 567 021b 08       		.byte	8
 568 021c 1F       		.byte	31
 569 021d 48       		.byte	72
 570 021e 21       		.byte	33
ARM GAS  C:\Users\robert\AppData\Local\Temp\ccLH8tNj.s 			page 11


 571 021f 28       		.byte	40
 572 0220 22       		.byte	34
 573 0221 40       		.byte	64
 574 0222 23       		.byte	35
 575 0223 05       		.byte	5
 576 0224 25       		.byte	37
 577 0225 80       		.byte	-128
 578 0226 26       		.byte	38
 579 0227 01       		.byte	1
 580 0228 28       		.byte	40
 581 0229 04       		.byte	4
 582 022a 2A       		.byte	42
 583 022b 45       		.byte	69
 584 022c 2F       		.byte	47
 585 022d 02       		.byte	2
 586 022e 31       		.byte	49
 587 022f 28       		.byte	40
 588 0230 33       		.byte	51
 589 0231 40       		.byte	64
 590 0232 35       		.byte	53
 591 0233 04       		.byte	4
 592 0234 39       		.byte	57
 593 0235 18       		.byte	24
 594 0236 3A       		.byte	58
 595 0237 80       		.byte	-128
 596 0238 3B       		.byte	59
 597 0239 81       		.byte	-127
 598 023a 58       		.byte	88
 599 023b 01       		.byte	1
 600 023c 59       		.byte	89
 601 023d 10       		.byte	16
 602 023e 5A       		.byte	90
 603 023f 88       		.byte	-120
 604 0240 60       		.byte	96
 605 0241 84       		.byte	-124
 606 0242 61       		.byte	97
 607 0243 40       		.byte	64
 608 0244 84       		.byte	-124
 609 0245 80       		.byte	-128
 610 0246 89       		.byte	-119
 611 0247 02       		.byte	2
 612 0248 8A       		.byte	-118
 613 0249 04       		.byte	4
 614 024a 90       		.byte	-112
 615 024b 84       		.byte	-124
 616 024c 91       		.byte	-111
 617 024d 04       		.byte	4
 618 024e 93       		.byte	-109
 619 024f 10       		.byte	16
 620 0250 95       		.byte	-107
 621 0251 80       		.byte	-128
 622 0252 97       		.byte	-105
 623 0253 04       		.byte	4
 624 0254 99       		.byte	-103
 625 0255 08       		.byte	8
 626 0256 9A       		.byte	-102
 627 0257 0A       		.byte	10
ARM GAS  C:\Users\robert\AppData\Local\Temp\ccLH8tNj.s 			page 12


 628 0258 9B       		.byte	-101
 629 0259 02       		.byte	2
 630 025a 9C       		.byte	-100
 631 025b 06       		.byte	6
 632 025c 9D       		.byte	-99
 633 025d 21       		.byte	33
 634 025e 9E       		.byte	-98
 635 025f 80       		.byte	-128
 636 0260 9F       		.byte	-97
 637 0261 0C       		.byte	12
 638 0262 A1       		.byte	-95
 639 0263 40       		.byte	64
 640 0264 A4       		.byte	-92
 641 0265 01       		.byte	1
 642 0266 A7       		.byte	-89
 643 0267 20       		.byte	32
 644 0268 C0       		.byte	-64
 645 0269 FD       		.byte	-3
 646 026a C2       		.byte	-62
 647 026b FA       		.byte	-6
 648 026c C4       		.byte	-60
 649 026d FF       		.byte	-1
 650 026e CA       		.byte	-54
 651 026f 1F       		.byte	31
 652 0270 CC       		.byte	-52
 653 0271 4E       		.byte	78
 654 0272 CE       		.byte	-50
 655 0273 07       		.byte	7
 656 0274 D6       		.byte	-42
 657 0275 0F       		.byte	15
 658 0276 D8       		.byte	-40
 659 0277 0D       		.byte	13
 660 0278 00       		.byte	0
 661 0279 01       		.byte	1
 662 027a 02       		.byte	2
 663 027b 1E       		.byte	30
 664 027c 03       		.byte	3
 665 027d 02       		.byte	2
 666 027e 04       		.byte	4
 667 027f 0A       		.byte	10
 668 0280 06       		.byte	6
 669 0281 10       		.byte	16
 670 0282 07       		.byte	7
 671 0283 08       		.byte	8
 672 0284 09       		.byte	9
 673 0285 01       		.byte	1
 674 0286 0C       		.byte	12
 675 0287 1C       		.byte	28
 676 0288 0D       		.byte	13
 677 0289 01       		.byte	1
 678 028a 0E       		.byte	14
 679 028b 02       		.byte	2
 680 028c 10       		.byte	16
 681 028d 12       		.byte	18
 682 028e 11       		.byte	17
 683 028f 0D       		.byte	13
 684 0290 12       		.byte	18
ARM GAS  C:\Users\robert\AppData\Local\Temp\ccLH8tNj.s 			page 13


 685 0291 08       		.byte	8
 686 0292 14       		.byte	20
 687 0293 18       		.byte	24
 688 0294 16       		.byte	22
 689 0295 06       		.byte	6
 690 0296 17       		.byte	23
 691 0297 FF       		.byte	-1
 692 0298 18       		.byte	24
 693 0299 06       		.byte	6
 694 029a 19       		.byte	25
 695 029b 5D       		.byte	93
 696 029c 1B       		.byte	27
 697 029d A2       		.byte	-94
 698 029e 1C       		.byte	28
 699 029f 01       		.byte	1
 700 02a0 1D       		.byte	29
 701 02a1 3D       		.byte	61
 702 02a2 1F       		.byte	31
 703 02a3 C2       		.byte	-62
 704 02a4 20       		.byte	32
 705 02a5 02       		.byte	2
 706 02a6 21       		.byte	33
 707 02a7 04       		.byte	4
 708 02a8 23       		.byte	35
 709 02a9 E0       		.byte	-32
 710 02aa 24       		.byte	36
 711 02ab 1F       		.byte	31
 712 02ac 25       		.byte	37
 713 02ad E2       		.byte	-30
 714 02ae 28       		.byte	40
 715 02af 04       		.byte	4
 716 02b0 29       		.byte	41
 717 02b1 40       		.byte	64
 718 02b2 2B       		.byte	43
 719 02b3 1D       		.byte	29
 720 02b4 2C       		.byte	44
 721 02b5 02       		.byte	2
 722 02b6 2D       		.byte	45
 723 02b7 92       		.byte	-110
 724 02b8 2E       		.byte	46
 725 02b9 18       		.byte	24
 726 02ba 2F       		.byte	47
 727 02bb 60       		.byte	96
 728 02bc 31       		.byte	49
 729 02bd FF       		.byte	-1
 730 02be 36       		.byte	54
 731 02bf 1F       		.byte	31
 732 02c0 38       		.byte	56
 733 02c1 80       		.byte	-128
 734 02c2 3F       		.byte	63
 735 02c3 01       		.byte	1
 736 02c4 58       		.byte	88
 737 02c5 04       		.byte	4
 738 02c6 59       		.byte	89
 739 02c7 04       		.byte	4
 740 02c8 5F       		.byte	95
 741 02c9 01       		.byte	1
ARM GAS  C:\Users\robert\AppData\Local\Temp\ccLH8tNj.s 			page 14


 742 02ca 80       		.byte	-128
 743 02cb 10       		.byte	16
 744 02cc 82       		.byte	-126
 745 02cd 01       		.byte	1
 746 02ce 84       		.byte	-124
 747 02cf 3F       		.byte	63
 748 02d0 87       		.byte	-121
 749 02d1 01       		.byte	1
 750 02d2 88       		.byte	-120
 751 02d3 10       		.byte	16
 752 02d4 89       		.byte	-119
 753 02d5 12       		.byte	18
 754 02d6 8A       		.byte	-118
 755 02d7 02       		.byte	2
 756 02d8 8E       		.byte	-114
 757 02d9 08       		.byte	8
 758 02da 90       		.byte	-112
 759 02db 0F       		.byte	15
 760 02dc 95       		.byte	-107
 761 02dd 04       		.byte	4
 762 02de 96       		.byte	-106
 763 02df 20       		.byte	32
 764 02e0 97       		.byte	-105
 765 02e1 08       		.byte	8
 766 02e2 9A       		.byte	-102
 767 02e3 14       		.byte	20
 768 02e4 9D       		.byte	-99
 769 02e5 04       		.byte	4
 770 02e6 9F       		.byte	-97
 771 02e7 08       		.byte	8
 772 02e8 A2       		.byte	-94
 773 02e9 18       		.byte	24
 774 02ea A4       		.byte	-92
 775 02eb 04       		.byte	4
 776 02ec A5       		.byte	-91
 777 02ed 10       		.byte	16
 778 02ee A6       		.byte	-90
 779 02ef 08       		.byte	8
 780 02f0 A9       		.byte	-87
 781 02f1 12       		.byte	18
 782 02f2 AA       		.byte	-86
 783 02f3 40       		.byte	64
 784 02f4 B0       		.byte	-80
 785 02f5 40       		.byte	64
 786 02f6 B1       		.byte	-79
 787 02f7 0E       		.byte	14
 788 02f8 B2       		.byte	-78
 789 02f9 3F       		.byte	63
 790 02fa B3       		.byte	-77
 791 02fb 01       		.byte	1
 792 02fc B5       		.byte	-75
 793 02fd 10       		.byte	16
 794 02fe B7       		.byte	-73
 795 02ff 02       		.byte	2
 796 0300 B8       		.byte	-72
 797 0301 08       		.byte	8
 798 0302 B9       		.byte	-71
ARM GAS  C:\Users\robert\AppData\Local\Temp\ccLH8tNj.s 			page 15


 799 0303 A2       		.byte	-94
 800 0304 BF       		.byte	-65
 801 0305 41       		.byte	65
 802 0306 C0       		.byte	-64
 803 0307 43       		.byte	67
 804 0308 C6       		.byte	-58
 805 0309 20       		.byte	32
 806 030a C7       		.byte	-57
 807 030b 50       		.byte	80
 808 030c C8       		.byte	-56
 809 030d 28       		.byte	40
 810 030e C9       		.byte	-55
 811 030f FF       		.byte	-1
 812 0310 CA       		.byte	-54
 813 0311 FF       		.byte	-1
 814 0312 CB       		.byte	-53
 815 0313 FF       		.byte	-1
 816 0314 CC       		.byte	-52
 817 0315 42       		.byte	66
 818 0316 CD       		.byte	-51
 819 0317 A0       		.byte	-96
 820 0318 CE       		.byte	-50
 821 0319 70       		.byte	112
 822 031a D0       		.byte	-48
 823 031b 08       		.byte	8
 824 031c D1       		.byte	-47
 825 031d 10       		.byte	16
 826 031e D8       		.byte	-40
 827 031f 04       		.byte	4
 828 0320 D9       		.byte	-39
 829 0321 04       		.byte	4
 830 0322 DA       		.byte	-38
 831 0323 04       		.byte	4
 832 0324 DF       		.byte	-33
 833 0325 01       		.byte	1
 834 0326 E1       		.byte	-31
 835 0327 48       		.byte	72
 836 0328 E2       		.byte	-30
 837 0329 40       		.byte	64
 838 032a E3       		.byte	-29
 839 032b 48       		.byte	72
 840 032c E4       		.byte	-28
 841 032d 80       		.byte	-128
 842 032e E5       		.byte	-27
 843 032f 48       		.byte	72
 844 0330 E6       		.byte	-26
 845 0331 80       		.byte	-128
 846 0332 E7       		.byte	-25
 847 0333 48       		.byte	72
 848 0334 01       		.byte	1
 849 0335 80       		.byte	-128
 850 0336 03       		.byte	3
 851 0337 A0       		.byte	-96
 852 0338 05       		.byte	5
 853 0339 08       		.byte	8
 854 033a 06       		.byte	6
 855 033b 01       		.byte	1
ARM GAS  C:\Users\robert\AppData\Local\Temp\ccLH8tNj.s 			page 16


 856 033c 07       		.byte	7
 857 033d 48       		.byte	72
 858 033e 08       		.byte	8
 859 033f 01       		.byte	1
 860 0340 0A       		.byte	10
 861 0341 22       		.byte	34
 862 0342 0B       		.byte	11
 863 0343 04       		.byte	4
 864 0344 0D       		.byte	13
 865 0345 02       		.byte	2
 866 0346 0E       		.byte	14
 867 0347 10       		.byte	16
 868 0348 0F       		.byte	15
 869 0349 08       		.byte	8
 870 034a 10       		.byte	16
 871 034b 18       		.byte	24
 872 034c 11       		.byte	17
 873 034d 01       		.byte	1
 874 034e 12       		.byte	18
 875 034f 01       		.byte	1
 876 0350 16       		.byte	22
 877 0351 40       		.byte	64
 878 0352 17       		.byte	23
 879 0353 14       		.byte	20
 880 0354 1A       		.byte	26
 881 0355 02       		.byte	2
 882 0356 1D       		.byte	29
 883 0357 05       		.byte	5
 884 0358 20       		.byte	32
 885 0359 80       		.byte	-128
 886 035a 26       		.byte	38
 887 035b 02       		.byte	2
 888 035c 27       		.byte	39
 889 035d 16       		.byte	22
 890 035e 28       		.byte	40
 891 035f 15       		.byte	21
 892 0360 29       		.byte	41
 893 0361 08       		.byte	8
 894 0362 2A       		.byte	42
 895 0363 41       		.byte	65
 896 0364 2B       		.byte	43
 897 0365 04       		.byte	4
 898 0366 2D       		.byte	45
 899 0367 08       		.byte	8
 900 0368 2E       		.byte	46
 901 0369 10       		.byte	16
 902 036a 2F       		.byte	47
 903 036b 08       		.byte	8
 904 036c 30       		.byte	48
 905 036d 02       		.byte	2
 906 036e 32       		.byte	50
 907 036f 10       		.byte	16
 908 0370 33       		.byte	51
 909 0371 44       		.byte	68
 910 0372 35       		.byte	53
 911 0373 80       		.byte	-128
 912 0374 37       		.byte	55
ARM GAS  C:\Users\robert\AppData\Local\Temp\ccLH8tNj.s 			page 17


 913 0375 48       		.byte	72
 914 0376 39       		.byte	57
 915 0377 41       		.byte	65
 916 0378 3A       		.byte	58
 917 0379 02       		.byte	2
 918 037a 3B       		.byte	59
 919 037b 14       		.byte	20
 920 037c 3D       		.byte	61
 921 037d C8       		.byte	-56
 922 037e 3F       		.byte	63
 923 037f 20       		.byte	32
 924 0380 45       		.byte	69
 925 0381 08       		.byte	8
 926 0382 47       		.byte	71
 927 0383 02       		.byte	2
 928 0384 48       		.byte	72
 929 0385 03       		.byte	3
 930 0386 55       		.byte	85
 931 0387 02       		.byte	2
 932 0388 57       		.byte	87
 933 0389 10       		.byte	16
 934 038a 91       		.byte	-111
 935 038b 04       		.byte	4
 936 038c 93       		.byte	-109
 937 038d 14       		.byte	20
 938 038e 95       		.byte	-107
 939 038f 08       		.byte	8
 940 0390 98       		.byte	-104
 941 0391 04       		.byte	4
 942 0392 99       		.byte	-103
 943 0393 08       		.byte	8
 944 0394 9A       		.byte	-102
 945 0395 43       		.byte	67
 946 0396 9D       		.byte	-99
 947 0397 45       		.byte	69
 948 0398 9F       		.byte	-97
 949 0399 4C       		.byte	76
 950 039a A1       		.byte	-95
 951 039b 40       		.byte	64
 952 039c A2       		.byte	-94
 953 039d 01       		.byte	1
 954 039e A3       		.byte	-93
 955 039f A8       		.byte	-88
 956 03a0 A4       		.byte	-92
 957 03a1 41       		.byte	65
 958 03a2 A7       		.byte	-89
 959 03a3 40       		.byte	64
 960 03a4 A9       		.byte	-87
 961 03a5 04       		.byte	4
 962 03a6 AC       		.byte	-84
 963 03a7 01       		.byte	1
 964 03a8 AD       		.byte	-83
 965 03a9 08       		.byte	8
 966 03aa AF       		.byte	-81
 967 03ab 02       		.byte	2
 968 03ac C0       		.byte	-64
 969 03ad FD       		.byte	-3
ARM GAS  C:\Users\robert\AppData\Local\Temp\ccLH8tNj.s 			page 18


 970 03ae C2       		.byte	-62
 971 03af 7F       		.byte	127
 972 03b0 C4       		.byte	-60
 973 03b1 7F       		.byte	127
 974 03b2 CA       		.byte	-54
 975 03b3 6F       		.byte	111
 976 03b4 CC       		.byte	-52
 977 03b5 5F       		.byte	95
 978 03b6 CE       		.byte	-50
 979 03b7 6F       		.byte	111
 980 03b8 D0       		.byte	-48
 981 03b9 C0       		.byte	-64
 982 03ba 00       		.byte	0
 983 03bb 01       		.byte	1
 984 03bc 0C       		.byte	12
 985 03bd 01       		.byte	1
 986 03be 0D       		.byte	13
 987 03bf 01       		.byte	1
 988 03c0 11       		.byte	17
 989 03c1 01       		.byte	1
 990 03c2 12       		.byte	18
 991 03c3 01       		.byte	1
 992 03c4 15       		.byte	21
 993 03c5 01       		.byte	1
 994 03c6 1C       		.byte	28
 995 03c7 02       		.byte	2
 996 03c8 1F       		.byte	31
 997 03c9 01       		.byte	1
 998 03ca 20       		.byte	32
 999 03cb 01       		.byte	1
 1000 03cc 21       		.byte	33
 1001 03cd 01       		.byte	1
 1002 03ce 24       		.byte	36
 1003 03cf 01       		.byte	1
 1004 03d0 28       		.byte	40
 1005 03d1 01       		.byte	1
 1006 03d2 29       		.byte	41
 1007 03d3 01       		.byte	1
 1008 03d4 2F       		.byte	47
 1009 03d5 02       		.byte	2
 1010 03d6 31       		.byte	49
 1011 03d7 03       		.byte	3
 1012 03d8 32       		.byte	50
 1013 03d9 03       		.byte	3
 1014 03da 38       		.byte	56
 1015 03db 08       		.byte	8
 1016 03dc 3E       		.byte	62
 1017 03dd 04       		.byte	4
 1018 03de 58       		.byte	88
 1019 03df 04       		.byte	4
 1020 03e0 59       		.byte	89
 1021 03e1 04       		.byte	4
 1022 03e2 5F       		.byte	95
 1023 03e3 01       		.byte	1
 1024 03e4 01       		.byte	1
 1025 03e5 08       		.byte	8
 1026 03e6 02       		.byte	2
ARM GAS  C:\Users\robert\AppData\Local\Temp\ccLH8tNj.s 			page 19


 1027 03e7 01       		.byte	1
 1028 03e8 03       		.byte	3
 1029 03e9 45       		.byte	69
 1030 03ea 06       		.byte	6
 1031 03eb 01       		.byte	1
 1032 03ec 07       		.byte	7
 1033 03ed 40       		.byte	64
 1034 03ee 08       		.byte	8
 1035 03ef 54       		.byte	84
 1036 03f0 09       		.byte	9
 1037 03f1 40       		.byte	64
 1038 03f2 0B       		.byte	11
 1039 03f3 84       		.byte	-124
 1040 03f4 0C       		.byte	12
 1041 03f5 02       		.byte	2
 1042 03f6 0E       		.byte	14
 1043 03f7 02       		.byte	2
 1044 03f8 10       		.byte	16
 1045 03f9 02       		.byte	2
 1046 03fa 11       		.byte	17
 1047 03fb 04       		.byte	4
 1048 03fc 12       		.byte	18
 1049 03fd 40       		.byte	64
 1050 03fe 13       		.byte	19
 1051 03ff 10       		.byte	16
 1052 0400 14       		.byte	20
 1053 0401 04       		.byte	4
 1054 0402 16       		.byte	22
 1055 0403 40       		.byte	64
 1056 0404 17       		.byte	23
 1057 0405 08       		.byte	8
 1058 0406 19       		.byte	25
 1059 0407 40       		.byte	64
 1060 0408 1B       		.byte	27
 1061 0409 02       		.byte	2
 1062 040a 1D       		.byte	29
 1063 040b 08       		.byte	8
 1064 040c 21       		.byte	33
 1065 040d 04       		.byte	4
 1066 040e 22       		.byte	34
 1067 040f 10       		.byte	16
 1068 0410 23       		.byte	35
 1069 0411 08       		.byte	8
 1070 0412 27       		.byte	39
 1071 0413 40       		.byte	64
 1072 0414 28       		.byte	40
 1073 0415 54       		.byte	84
 1074 0416 2A       		.byte	42
 1075 0417 C0       		.byte	-64
 1076 0418 2C       		.byte	44
 1077 0419 04       		.byte	4
 1078 041a 2E       		.byte	46
 1079 041b 02       		.byte	2
 1080 041c 2F       		.byte	47
 1081 041d 02       		.byte	2
 1082 041e 30       		.byte	48
 1083 041f 02       		.byte	2
ARM GAS  C:\Users\robert\AppData\Local\Temp\ccLH8tNj.s 			page 20


 1084 0420 32       		.byte	50
 1085 0421 10       		.byte	16
 1086 0422 33       		.byte	51
 1087 0423 44       		.byte	68
 1088 0424 35       		.byte	53
 1089 0425 08       		.byte	8
 1090 0426 37       		.byte	55
 1091 0427 41       		.byte	65
 1092 0428 39       		.byte	57
 1093 0429 44       		.byte	68
 1094 042a 3A       		.byte	58
 1095 042b 01       		.byte	1
 1096 042c 3B       		.byte	59
 1097 042d 10       		.byte	16
 1098 042e 3E       		.byte	62
 1099 042f 80       		.byte	-128
 1100 0430 41       		.byte	65
 1101 0431 04       		.byte	4
 1102 0432 43       		.byte	67
 1103 0433 10       		.byte	16
 1104 0434 4A       		.byte	74
 1105 0435 02       		.byte	2
 1106 0436 50       		.byte	80
 1107 0437 0A       		.byte	10
 1108 0438 81       		.byte	-127
 1109 0439 48       		.byte	72
 1110 043a 87       		.byte	-121
 1111 043b 48       		.byte	72
 1112 043c 91       		.byte	-111
 1113 043d 04       		.byte	4
 1114 043e 93       		.byte	-109
 1115 043f 14       		.byte	20
 1116 0440 95       		.byte	-107
 1117 0441 08       		.byte	8
 1118 0442 96       		.byte	-106
 1119 0443 20       		.byte	32
 1120 0444 98       		.byte	-104
 1121 0445 04       		.byte	4
 1122 0446 99       		.byte	-103
 1123 0447 08       		.byte	8
 1124 0448 9A       		.byte	-102
 1125 0449 43       		.byte	67
 1126 044a 9B       		.byte	-101
 1127 044b 14       		.byte	20
 1128 044c 9D       		.byte	-99
 1129 044d 40       		.byte	64
 1130 044e 9F       		.byte	-97
 1131 044f 48       		.byte	72
 1132 0450 A1       		.byte	-95
 1133 0451 40       		.byte	64
 1134 0452 A2       		.byte	-94
 1135 0453 03       		.byte	3
 1136 0454 A4       		.byte	-92
 1137 0455 0A       		.byte	10
 1138 0456 A5       		.byte	-91
 1139 0457 08       		.byte	8
 1140 0458 A9       		.byte	-87
ARM GAS  C:\Users\robert\AppData\Local\Temp\ccLH8tNj.s 			page 21


 1141 0459 04       		.byte	4
 1142 045a AB       		.byte	-85
 1143 045b 40       		.byte	64
 1144 045c B2       		.byte	-78
 1145 045d 01       		.byte	1
 1146 045e C0       		.byte	-64
 1147 045f 9F       		.byte	-97
 1148 0460 C2       		.byte	-62
 1149 0461 9F       		.byte	-97
 1150 0462 C4       		.byte	-60
 1151 0463 7F       		.byte	127
 1152 0464 CA       		.byte	-54
 1153 0465 BF       		.byte	-65
 1154 0466 CC       		.byte	-52
 1155 0467 DF       		.byte	-33
 1156 0468 CE       		.byte	-50
 1157 0469 1F       		.byte	31
 1158 046a D0       		.byte	-48
 1159 046b 06       		.byte	6
 1160 046c D2       		.byte	-46
 1161 046d 08       		.byte	8
 1162 046e EA       		.byte	-22
 1163 046f 20       		.byte	32
 1164 0470 30       		.byte	48
 1165 0471 10       		.byte	16
 1166 0472 CC       		.byte	-52
 1167 0473 10       		.byte	16
 1168 0474 06       		.byte	6
 1169 0475 20       		.byte	32
 1170 0476 5A       		.byte	90
 1171 0477 80       		.byte	-128
 1172 0478 84       		.byte	-124
 1173 0479 10       		.byte	16
 1174 047a 9C       		.byte	-100
 1175 047b 10       		.byte	16
 1176 047c C0       		.byte	-64
 1177 047d 20       		.byte	32
 1178 047e D4       		.byte	-44
 1179 047f 80       		.byte	-128
 1180 0480 E6       		.byte	-26
 1181 0481 40       		.byte	64
 1182 0482 07       		.byte	7
 1183 0483 10       		.byte	16
 1184 0484 53       		.byte	83
 1185 0485 10       		.byte	16
 1186 0486 AA       		.byte	-86
 1187 0487 40       		.byte	64
 1188 0488 AE       		.byte	-82
 1189 0489 20       		.byte	32
 1190 048a C0       		.byte	-64
 1191 048b 20       		.byte	32
 1192 048c D4       		.byte	-44
 1193 048d 20       		.byte	32
 1194 048e E8       		.byte	-24
 1195 048f 10       		.byte	16
 1196 0490 EE       		.byte	-18
 1197 0491 80       		.byte	-128
ARM GAS  C:\Users\robert\AppData\Local\Temp\ccLH8tNj.s 			page 22


 1198 0492 AB       		.byte	-85
 1199 0493 10       		.byte	16
 1200 0494 B3       		.byte	-77
 1201 0495 10       		.byte	16
 1202 0496 E8       		.byte	-24
 1203 0497 20       		.byte	32
 1204 0498 00       		.byte	0
 1205 0499 01       		.byte	1
 1206 049a 08       		.byte	8
 1207 049b 01       		.byte	1
 1208 049c 0A       		.byte	10
 1209 049d 01       		.byte	1
 1210 049e 00       		.byte	0
 1211 049f 03       		.byte	3
 1212 04a0 85       		.byte	-123
 1213 04a1 42       		.byte	66
 1214 04a2 78       		.byte	120
 1215 04a3 09       		.byte	9
 1216 04a4 7F       		.byte	127
 1217 04a5 00       		.byte	0
 1218 04a6 00       		.byte	0
 1219 04a7 01       		.byte	1
 1220 04a8 40       		.byte	64
 1221 04a9 01       		.byte	1
 1222 04aa 07       		.byte	7
 1223 04ab 00       		.byte	0
 1224 04ac A2       		.byte	-94
 1225 04ad 1F       		.byte	31
 1226 04ae 05       		.byte	5
 1227 04af 00       		.byte	0
 1228 04b0 BA       		.byte	-70
 1229 04b1 03       		.byte	3
 1230 04b2 04       		.byte	4
 1231 04b3 20       		.byte	32
 1232 04b4 88       		.byte	-120
 1233 04b5 90       		.byte	-112
 1234 04b6 07       		.byte	7
 1235 04b7 0B       		.byte	11
 1236 04b8 03       		.byte	3
 1237 04b9 40       		.byte	64
 1238 04ba 00       		.byte	0
 1239 04bb 14       		.byte	20
 1240 04bc 01       		.byte	1
 1241 04bd 4F       		.byte	79
 1242 04be 00       		.byte	0
 1243 04bf 00       		.byte	0
 1244 04c0 90       		.byte	-112
 1245 04c1 01       		.byte	1
 1246 04c2 07       		.byte	7
 1247 04c3 00       		.byte	0
 1248 04c4 01       		.byte	1
 1249 04c5 03       		.byte	3
 1250 04c6 00       		.byte	0
 1251 04c7 00       		.byte	0
 1252 04c8 01       		.byte	1
 1253 04c9 48       		.byte	72
 1254 04ca 00       		.byte	0
ARM GAS  C:\Users\robert\AppData\Local\Temp\ccLH8tNj.s 			page 23


 1255 04cb 02       		.byte	2
 1256 04cc 03       		.byte	3
 1257 04cd 40       		.byte	64
 1258 04ce 00       		.byte	0
 1259 04cf 0B       		.byte	11
 1260 04d0 7F       		.byte	127
 1261 04d1 00       		.byte	0
 1262 04d2 00       		.byte	0
 1263 04d3 E0       		.byte	-32
 1264 04d4 00       		.byte	0
 1265 04d5 1F       		.byte	31
 1266 04d6 80       		.byte	-128
 1267 04d7 00       		.byte	0
 1268 04d8 80       		.byte	-128
 1269 04d9 08       		.byte	8
 1270 04da 00       		.byte	0
 1271 04db 00       		.byte	0
 1272 04dc 00       		.byte	0
 1273 04dd 00       		.byte	0
 1274 04de 41       		.byte	65
 1275 04df 04       		.byte	4
 1276 04e0 35       		.byte	53
 1277 04e1 00       		.byte	0
 1278 04e2 00       		.byte	0
 1279 04e3 00       		.byte	0
 1280 04e4 02       		.byte	2
 1281 04e5 00       		.byte	0
 1282 04e6 00       		.byte	0
 1283 04e7 DB       		.byte	-37
 1284 04e8 30       		.byte	48
 1285 04e9 FF       		.byte	-1
 1286 04ea 7F       		.byte	127
 1287 04eb FF       		.byte	-1
 1288 04ec 42       		.byte	66
 1289 04ed A0       		.byte	-96
 1290 04ee 70       		.byte	112
 1291 04ef 00       		.byte	0
 1292 04f0 0C       		.byte	12
 1293 04f1 00       		.byte	0
 1294 04f2 00       		.byte	0
 1295 04f3 00       		.byte	0
 1296 04f4 00       		.byte	0
 1297 04f5 00       		.byte	0
 1298 04f6 00       		.byte	0
 1299 04f7 00       		.byte	0
 1300 04f8 04       		.byte	4
 1301 04f9 04       		.byte	4
 1302 04fa 04       		.byte	4
 1303 04fb 00       		.byte	0
 1304 04fc 00       		.byte	0
 1305 04fd 00       		.byte	0
 1306 04fe 00       		.byte	0
 1307 04ff 01       		.byte	1
 1308 0500 00       		.byte	0
 1309 0501 09       		.byte	9
 1310 0502 40       		.byte	64
 1311 0503 09       		.byte	9
ARM GAS  C:\Users\robert\AppData\Local\Temp\ccLH8tNj.s 			page 24


 1312 0504 30       		.byte	48
 1313 0505 09       		.byte	9
 1314 0506 00       		.byte	0
 1315 0507 00       		.byte	0
 1316 0508 00       		.byte	0
 1317 0509 00       		.byte	0
 1318 050a 00       		.byte	0
 1319 050b 00       		.byte	0
 1320 050c 00       		.byte	0
 1321 050d 00       		.byte	0
 1322 050e 00       		.byte	0
 1323 050f 00       		.byte	0
 1324 0510 00       		.byte	0
 1325 0511 00       		.byte	0
 1326 0512 00       		.byte	0
 1327 0513 00       		.byte	0
 1328 0514 00       		.byte	0
 1329 0515 00       		.byte	0
 1330 0516 00       		.byte	0
 1331 0517 00       		.byte	0
 1332 0518 00       		.byte	0
 1333 0519 00       		.byte	0
 1334 051a 00       		.byte	0
 1335 051b 00       		.byte	0
 1336 051c 00       		.byte	0
 1337 051d 00       		.byte	0
 1338 051e 00       		.byte	0
 1339 051f 00       		.byte	0
 1340 0520 02       		.byte	2
 1341 0521 00       		.byte	0
 1342 0522 00       		.byte	0
 1343 0523 00       		.byte	0
 1344 0524 02       		.byte	2
 1345 0525 00       		.byte	0
 1346 0526 02       		.byte	2
 1347 0527 00       		.byte	0
 1348 0528 00       		.byte	0
 1349 0529 00       		.byte	0
 1350 052a 00       		.byte	0
 1351 052b 00       		.byte	0
 1352 052c 08       		.byte	8
 1353 052d 00       		.byte	0
 1354 052e 00       		.byte	0
 1355 052f 00       		.byte	0
 1356 0530 08       		.byte	8
 1357 0531 00       		.byte	0
 1358 0532 08       		.byte	8
 1359 0533 00       		.byte	0
 1360 0534 00       		.byte	0
 1361 0535 00       		.byte	0
 1362 0536 00       		.byte	0
 1363 0537 00       		.byte	0
 1364 0538 80       		.byte	-128
 1365 0539 00       		.byte	0
 1366 053a 00       		.byte	0
 1367 053b 80       		.byte	-128
 1368 053c 00       		.byte	0
ARM GAS  C:\Users\robert\AppData\Local\Temp\ccLH8tNj.s 			page 25


 1369 053d 00       		.byte	0
 1370 053e 00       		.byte	0
 1371 053f 00       		.byte	0
 1372 0540 00       		.byte	0
 1373 0541 00       		.byte	0
 1374 0542 00       		.byte	0
 1375 0543 00       		.byte	0
 1376 0544 00       		.byte	0
 1377 0545 20       		.byte	32
 1378 0546 20       		.byte	32
 1379 0547 00       		.byte	0
 1380 0548 00       		.byte	0
 1381 0549 00       		.byte	0
 1382 054a 00       		.byte	0
 1383 054b 00       		.byte	0
 1384              		.section	.cywolatch,"a",%progbits
 1385              		.align	2
 1386              		.type	cy_meta_wonvl, %object
 1387              		.size	cy_meta_wonvl, 4
 1388              	cy_meta_wonvl:
 1389 0000 BC       		.byte	-68
 1390 0001 90       		.byte	-112
 1391 0002 AC       		.byte	-84
 1392 0003 AF       		.byte	-81
 1393              		.section	.cycustnvl,"a",%progbits
 1394              		.align	2
 1395              		.type	cy_meta_custnvl, %object
 1396              		.size	cy_meta_custnvl, 4
 1397              	cy_meta_custnvl:
 1398 0000 00       		.byte	0
 1399 0001 00       		.byte	0
 1400 0002 40       		.byte	64
 1401 0003 05       		.byte	5
 1402              		.section	.cymeta,"a",%progbits
 1403              		.align	2
 1404              		.type	cy_metadata, %object
 1405              		.size	cy_metadata, 12
 1406              	cy_metadata:
 1407 0000 00       		.byte	0
 1408 0001 01       		.byte	1
 1409 0002 2E       		.byte	46
 1410 0003 16       		.byte	22
 1411 0004 10       		.byte	16
 1412 0005 69       		.byte	105
 1413 0006 00       		.byte	0
 1414 0007 01       		.byte	1
 1415 0008 00       		.byte	0
 1416 0009 00       		.byte	0
 1417 000a 00       		.byte	0
 1418 000b 00       		.byte	0
 1419              		.section	.cyflashprotect,"a",%progbits
 1420              		.align	2
 1421              		.type	cy_meta_flashprotect, %object
 1422              		.size	cy_meta_flashprotect, 256
 1423              	cy_meta_flashprotect:
 1424 0000 00000000 		.space	256
 1424      00000000 
ARM GAS  C:\Users\robert\AppData\Local\Temp\ccLH8tNj.s 			page 26


 1424      00000000 
 1424      00000000 
 1424      00000000 
 1425              		.text
 1426              	.Letext0:
 1427              		.file 1 ".\\Generated_Source\\PSoC5\\cymetadata.c"
 1428              		.file 2 ".\\Generated_Source\\PSoC5\\cytypes.h"
 1429              		.section	.debug_info,"",%progbits
 1430              	.Ldebug_info0:
 1431 0000 38010000 		.4byte	0x138
 1432 0004 0400     		.2byte	0x4
 1433 0006 00000000 		.4byte	.Ldebug_abbrev0
 1434 000a 04       		.byte	0x4
 1435 000b 01       		.uleb128 0x1
 1436 000c E1000000 		.4byte	.LASF18
 1437 0010 01       		.byte	0x1
 1438 0011 0C000000 		.4byte	.LASF19
 1439 0015 32000000 		.4byte	.LASF20
 1440 0019 00000000 		.4byte	.Ldebug_line0
 1441 001d 02       		.uleb128 0x2
 1442 001e 01       		.byte	0x1
 1443 001f 06       		.byte	0x6
 1444 0020 EB010000 		.4byte	.LASF0
 1445 0024 02       		.uleb128 0x2
 1446 0025 01       		.byte	0x1
 1447 0026 08       		.byte	0x8
 1448 0027 85000000 		.4byte	.LASF1
 1449 002b 02       		.uleb128 0x2
 1450 002c 02       		.byte	0x2
 1451 002d 05       		.byte	0x5
 1452 002e D2010000 		.4byte	.LASF2
 1453 0032 02       		.uleb128 0x2
 1454 0033 02       		.byte	0x2
 1455 0034 07       		.byte	0x7
 1456 0035 A5000000 		.4byte	.LASF3
 1457 0039 02       		.uleb128 0x2
 1458 003a 04       		.byte	0x4
 1459 003b 05       		.byte	0x5
 1460 003c E2010000 		.4byte	.LASF4
 1461 0040 02       		.uleb128 0x2
 1462 0041 04       		.byte	0x4
 1463 0042 07       		.byte	0x7
 1464 0043 93000000 		.4byte	.LASF5
 1465 0047 02       		.uleb128 0x2
 1466 0048 08       		.byte	0x8
 1467 0049 05       		.byte	0x5
 1468 004a BF010000 		.4byte	.LASF6
 1469 004e 02       		.uleb128 0x2
 1470 004f 08       		.byte	0x8
 1471 0050 07       		.byte	0x7
 1472 0051 7C010000 		.4byte	.LASF7
 1473 0055 03       		.uleb128 0x3
 1474 0056 04       		.byte	0x4
 1475 0057 05       		.byte	0x5
 1476 0058 696E7400 		.ascii	"int\000"
 1477 005c 02       		.uleb128 0x2
 1478 005d 04       		.byte	0x4
ARM GAS  C:\Users\robert\AppData\Local\Temp\ccLH8tNj.s 			page 27


 1479 005e 07       		.byte	0x7
 1480 005f 6F010000 		.4byte	.LASF8
 1481 0063 04       		.uleb128 0x4
 1482 0064 DC010000 		.4byte	.LASF21
 1483 0068 02       		.byte	0x2
 1484 0069 9201     		.2byte	0x192
 1485 006b 24000000 		.4byte	0x24
 1486 006f 02       		.uleb128 0x2
 1487 0070 04       		.byte	0x4
 1488 0071 04       		.byte	0x4
 1489 0072 7F000000 		.4byte	.LASF9
 1490 0076 02       		.uleb128 0x2
 1491 0077 08       		.byte	0x8
 1492 0078 04       		.byte	0x4
 1493 0079 B8000000 		.4byte	.LASF10
 1494 007d 02       		.uleb128 0x2
 1495 007e 01       		.byte	0x1
 1496 007f 08       		.byte	0x8
 1497 0080 CD010000 		.4byte	.LASF11
 1498 0084 05       		.uleb128 0x5
 1499 0085 63000000 		.4byte	0x63
 1500 0089 95000000 		.4byte	0x95
 1501 008d 06       		.uleb128 0x6
 1502 008e 95000000 		.4byte	0x95
 1503 0092 4B05     		.2byte	0x54b
 1504 0094 00       		.byte	0
 1505 0095 02       		.uleb128 0x2
 1506 0096 04       		.byte	0x4
 1507 0097 07       		.byte	0x7
 1508 0098 B6010000 		.4byte	.LASF12
 1509 009c 07       		.uleb128 0x7
 1510 009d CF000000 		.4byte	.LASF13
 1511 00a1 01       		.byte	0x1
 1512 00a2 1F       		.byte	0x1f
 1513 00a3 AD000000 		.4byte	0xad
 1514 00a7 05       		.uleb128 0x5
 1515 00a8 03       		.byte	0x3
 1516 00a9 00000000 		.4byte	cy_meta_configecc
 1517 00ad 08       		.uleb128 0x8
 1518 00ae 84000000 		.4byte	0x84
 1519 00b2 05       		.uleb128 0x5
 1520 00b3 63000000 		.4byte	0x63
 1521 00b7 C2000000 		.4byte	0xc2
 1522 00bb 09       		.uleb128 0x9
 1523 00bc 95000000 		.4byte	0x95
 1524 00c0 03       		.byte	0x3
 1525 00c1 00       		.byte	0
 1526 00c2 07       		.uleb128 0x7
 1527 00c3 BF000000 		.4byte	.LASF14
 1528 00c7 01       		.byte	0x1
 1529 00c8 D6       		.byte	0xd6
 1530 00c9 D3000000 		.4byte	0xd3
 1531 00cd 05       		.uleb128 0x5
 1532 00ce 03       		.byte	0x3
 1533 00cf 00000000 		.4byte	cy_meta_custnvl
 1534 00d3 08       		.uleb128 0x8
 1535 00d4 B2000000 		.4byte	0xb2
ARM GAS  C:\Users\robert\AppData\Local\Temp\ccLH8tNj.s 			page 28


 1536 00d8 07       		.uleb128 0x7
 1537 00d9 A8010000 		.4byte	.LASF15
 1538 00dd 01       		.byte	0x1
 1539 00de E4       		.byte	0xe4
 1540 00df E9000000 		.4byte	0xe9
 1541 00e3 05       		.uleb128 0x5
 1542 00e4 03       		.byte	0x3
 1543 00e5 00000000 		.4byte	cy_meta_wonvl
 1544 00e9 08       		.uleb128 0x8
 1545 00ea B2000000 		.4byte	0xb2
 1546 00ee 05       		.uleb128 0x5
 1547 00ef 63000000 		.4byte	0x63
 1548 00f3 FE000000 		.4byte	0xfe
 1549 00f7 09       		.uleb128 0x9
 1550 00f8 95000000 		.4byte	0x95
 1551 00fc FF       		.byte	0xff
 1552 00fd 00       		.byte	0
 1553 00fe 07       		.uleb128 0x7
 1554 00ff 93010000 		.4byte	.LASF16
 1555 0103 01       		.byte	0x1
 1556 0104 F2       		.byte	0xf2
 1557 0105 0F010000 		.4byte	0x10f
 1558 0109 05       		.uleb128 0x5
 1559 010a 03       		.byte	0x3
 1560 010b 00000000 		.4byte	cy_meta_flashprotect
 1561 010f 08       		.uleb128 0x8
 1562 0110 EE000000 		.4byte	0xee
 1563 0114 05       		.uleb128 0x5
 1564 0115 63000000 		.4byte	0x63
 1565 0119 24010000 		.4byte	0x124
 1566 011d 09       		.uleb128 0x9
 1567 011e 95000000 		.4byte	0x95
 1568 0122 0B       		.byte	0xb
 1569 0123 00       		.byte	0
 1570 0124 0A       		.uleb128 0xa
 1571 0125 00000000 		.4byte	.LASF17
 1572 0129 01       		.byte	0x1
 1573 012a 1F01     		.2byte	0x11f
 1574 012c 36010000 		.4byte	0x136
 1575 0130 05       		.uleb128 0x5
 1576 0131 03       		.byte	0x3
 1577 0132 00000000 		.4byte	cy_metadata
 1578 0136 08       		.uleb128 0x8
 1579 0137 14010000 		.4byte	0x114
 1580 013b 00       		.byte	0
 1581              		.section	.debug_abbrev,"",%progbits
 1582              	.Ldebug_abbrev0:
 1583 0000 01       		.uleb128 0x1
 1584 0001 11       		.uleb128 0x11
 1585 0002 01       		.byte	0x1
 1586 0003 25       		.uleb128 0x25
 1587 0004 0E       		.uleb128 0xe
 1588 0005 13       		.uleb128 0x13
 1589 0006 0B       		.uleb128 0xb
 1590 0007 03       		.uleb128 0x3
 1591 0008 0E       		.uleb128 0xe
 1592 0009 1B       		.uleb128 0x1b
ARM GAS  C:\Users\robert\AppData\Local\Temp\ccLH8tNj.s 			page 29


 1593 000a 0E       		.uleb128 0xe
 1594 000b 10       		.uleb128 0x10
 1595 000c 17       		.uleb128 0x17
 1596 000d 00       		.byte	0
 1597 000e 00       		.byte	0
 1598 000f 02       		.uleb128 0x2
 1599 0010 24       		.uleb128 0x24
 1600 0011 00       		.byte	0
 1601 0012 0B       		.uleb128 0xb
 1602 0013 0B       		.uleb128 0xb
 1603 0014 3E       		.uleb128 0x3e
 1604 0015 0B       		.uleb128 0xb
 1605 0016 03       		.uleb128 0x3
 1606 0017 0E       		.uleb128 0xe
 1607 0018 00       		.byte	0
 1608 0019 00       		.byte	0
 1609 001a 03       		.uleb128 0x3
 1610 001b 24       		.uleb128 0x24
 1611 001c 00       		.byte	0
 1612 001d 0B       		.uleb128 0xb
 1613 001e 0B       		.uleb128 0xb
 1614 001f 3E       		.uleb128 0x3e
 1615 0020 0B       		.uleb128 0xb
 1616 0021 03       		.uleb128 0x3
 1617 0022 08       		.uleb128 0x8
 1618 0023 00       		.byte	0
 1619 0024 00       		.byte	0
 1620 0025 04       		.uleb128 0x4
 1621 0026 16       		.uleb128 0x16
 1622 0027 00       		.byte	0
 1623 0028 03       		.uleb128 0x3
 1624 0029 0E       		.uleb128 0xe
 1625 002a 3A       		.uleb128 0x3a
 1626 002b 0B       		.uleb128 0xb
 1627 002c 3B       		.uleb128 0x3b
 1628 002d 05       		.uleb128 0x5
 1629 002e 49       		.uleb128 0x49
 1630 002f 13       		.uleb128 0x13
 1631 0030 00       		.byte	0
 1632 0031 00       		.byte	0
 1633 0032 05       		.uleb128 0x5
 1634 0033 01       		.uleb128 0x1
 1635 0034 01       		.byte	0x1
 1636 0035 49       		.uleb128 0x49
 1637 0036 13       		.uleb128 0x13
 1638 0037 01       		.uleb128 0x1
 1639 0038 13       		.uleb128 0x13
 1640 0039 00       		.byte	0
 1641 003a 00       		.byte	0
 1642 003b 06       		.uleb128 0x6
 1643 003c 21       		.uleb128 0x21
 1644 003d 00       		.byte	0
 1645 003e 49       		.uleb128 0x49
 1646 003f 13       		.uleb128 0x13
 1647 0040 2F       		.uleb128 0x2f
 1648 0041 05       		.uleb128 0x5
 1649 0042 00       		.byte	0
ARM GAS  C:\Users\robert\AppData\Local\Temp\ccLH8tNj.s 			page 30


 1650 0043 00       		.byte	0
 1651 0044 07       		.uleb128 0x7
 1652 0045 34       		.uleb128 0x34
 1653 0046 00       		.byte	0
 1654 0047 03       		.uleb128 0x3
 1655 0048 0E       		.uleb128 0xe
 1656 0049 3A       		.uleb128 0x3a
 1657 004a 0B       		.uleb128 0xb
 1658 004b 3B       		.uleb128 0x3b
 1659 004c 0B       		.uleb128 0xb
 1660 004d 49       		.uleb128 0x49
 1661 004e 13       		.uleb128 0x13
 1662 004f 3F       		.uleb128 0x3f
 1663 0050 19       		.uleb128 0x19
 1664 0051 02       		.uleb128 0x2
 1665 0052 18       		.uleb128 0x18
 1666 0053 00       		.byte	0
 1667 0054 00       		.byte	0
 1668 0055 08       		.uleb128 0x8
 1669 0056 26       		.uleb128 0x26
 1670 0057 00       		.byte	0
 1671 0058 49       		.uleb128 0x49
 1672 0059 13       		.uleb128 0x13
 1673 005a 00       		.byte	0
 1674 005b 00       		.byte	0
 1675 005c 09       		.uleb128 0x9
 1676 005d 21       		.uleb128 0x21
 1677 005e 00       		.byte	0
 1678 005f 49       		.uleb128 0x49
 1679 0060 13       		.uleb128 0x13
 1680 0061 2F       		.uleb128 0x2f
 1681 0062 0B       		.uleb128 0xb
 1682 0063 00       		.byte	0
 1683 0064 00       		.byte	0
 1684 0065 0A       		.uleb128 0xa
 1685 0066 34       		.uleb128 0x34
 1686 0067 00       		.byte	0
 1687 0068 03       		.uleb128 0x3
 1688 0069 0E       		.uleb128 0xe
 1689 006a 3A       		.uleb128 0x3a
 1690 006b 0B       		.uleb128 0xb
 1691 006c 3B       		.uleb128 0x3b
 1692 006d 05       		.uleb128 0x5
 1693 006e 49       		.uleb128 0x49
 1694 006f 13       		.uleb128 0x13
 1695 0070 3F       		.uleb128 0x3f
 1696 0071 19       		.uleb128 0x19
 1697 0072 02       		.uleb128 0x2
 1698 0073 18       		.uleb128 0x18
 1699 0074 00       		.byte	0
 1700 0075 00       		.byte	0
 1701 0076 00       		.byte	0
 1702              		.section	.debug_aranges,"",%progbits
 1703 0000 14000000 		.4byte	0x14
 1704 0004 0200     		.2byte	0x2
 1705 0006 00000000 		.4byte	.Ldebug_info0
 1706 000a 04       		.byte	0x4
ARM GAS  C:\Users\robert\AppData\Local\Temp\ccLH8tNj.s 			page 31


 1707 000b 00       		.byte	0
 1708 000c 0000     		.2byte	0
 1709 000e 0000     		.2byte	0
 1710 0010 00000000 		.4byte	0
 1711 0014 00000000 		.4byte	0
 1712              		.section	.debug_line,"",%progbits
 1713              	.Ldebug_line0:
 1714 0000 4F000000 		.section	.debug_str,"MS",%progbits,1
 1714      02004900 
 1714      00000201 
 1714      FB0E0D00 
 1714      01010101 
 1715              	.LASF17:
 1716 0000 63795F6D 		.ascii	"cy_metadata\000"
 1716      65746164 
 1716      61746100 
 1717              	.LASF19:
 1718 000c 2E5C4765 		.ascii	".\\Generated_Source\\PSoC5\\cymetadata.c\000"
 1718      6E657261 
 1718      7465645F 
 1718      536F7572 
 1718      63655C50 
 1719              	.LASF20:
 1720 0032 433A5C55 		.ascii	"C:\\Users\\robert\\Documents\\PSoC Creator\\TestWor"
 1720      73657273 
 1720      5C726F62 
 1720      6572745C 
 1720      446F6375 
 1721 0060 6B737061 		.ascii	"kspace\\I2C_LCD_Example01.cydsn\000"
 1721      63655C49 
 1721      32435F4C 
 1721      43445F45 
 1721      78616D70 
 1722              	.LASF9:
 1723 007f 666C6F61 		.ascii	"float\000"
 1723      7400
 1724              	.LASF1:
 1725 0085 756E7369 		.ascii	"unsigned char\000"
 1725      676E6564 
 1725      20636861 
 1725      7200
 1726              	.LASF5:
 1727 0093 6C6F6E67 		.ascii	"long unsigned int\000"
 1727      20756E73 
 1727      69676E65 
 1727      6420696E 
 1727      7400
 1728              	.LASF3:
 1729 00a5 73686F72 		.ascii	"short unsigned int\000"
 1729      7420756E 
 1729      7369676E 
 1729      65642069 
 1729      6E7400
 1730              	.LASF10:
 1731 00b8 646F7562 		.ascii	"double\000"
 1731      6C6500
 1732              	.LASF14:
ARM GAS  C:\Users\robert\AppData\Local\Temp\ccLH8tNj.s 			page 32


 1733 00bf 63795F6D 		.ascii	"cy_meta_custnvl\000"
 1733      6574615F 
 1733      63757374 
 1733      6E766C00 
 1734              	.LASF13:
 1735 00cf 63795F6D 		.ascii	"cy_meta_configecc\000"
 1735      6574615F 
 1735      636F6E66 
 1735      69676563 
 1735      6300
 1736              	.LASF18:
 1737 00e1 474E5520 		.ascii	"GNU C 4.9.3 20150303 (release) [ARM/embedded-4_9-br"
 1737      4320342E 
 1737      392E3320 
 1737      32303135 
 1737      30333033 
 1738 0114 616E6368 		.ascii	"anch revision 221220] -mcpu=cortex-m3 -mthumb -g -O"
 1738      20726576 
 1738      6973696F 
 1738      6E203232 
 1738      31323230 
 1739 0147 67202D66 		.ascii	"g -ffunction-sections -ffat-lto-objects\000"
 1739      66756E63 
 1739      74696F6E 
 1739      2D736563 
 1739      74696F6E 
 1740              	.LASF8:
 1741 016f 756E7369 		.ascii	"unsigned int\000"
 1741      676E6564 
 1741      20696E74 
 1741      00
 1742              	.LASF7:
 1743 017c 6C6F6E67 		.ascii	"long long unsigned int\000"
 1743      206C6F6E 
 1743      6720756E 
 1743      7369676E 
 1743      65642069 
 1744              	.LASF16:
 1745 0193 63795F6D 		.ascii	"cy_meta_flashprotect\000"
 1745      6574615F 
 1745      666C6173 
 1745      6870726F 
 1745      74656374 
 1746              	.LASF15:
 1747 01a8 63795F6D 		.ascii	"cy_meta_wonvl\000"
 1747      6574615F 
 1747      776F6E76 
 1747      6C00
 1748              	.LASF12:
 1749 01b6 73697A65 		.ascii	"sizetype\000"
 1749      74797065 
 1749      00
 1750              	.LASF6:
 1751 01bf 6C6F6E67 		.ascii	"long long int\000"
 1751      206C6F6E 
 1751      6720696E 
 1751      7400
ARM GAS  C:\Users\robert\AppData\Local\Temp\ccLH8tNj.s 			page 33


 1752              	.LASF11:
 1753 01cd 63686172 		.ascii	"char\000"
 1753      00
 1754              	.LASF2:
 1755 01d2 73686F72 		.ascii	"short int\000"
 1755      7420696E 
 1755      7400
 1756              	.LASF21:
 1757 01dc 75696E74 		.ascii	"uint8\000"
 1757      3800
 1758              	.LASF4:
 1759 01e2 6C6F6E67 		.ascii	"long int\000"
 1759      20696E74 
 1759      00
 1760              	.LASF0:
 1761 01eb 7369676E 		.ascii	"signed char\000"
 1761      65642063 
 1761      68617200 
 1762              		.ident	"GCC: (GNU Tools for ARM Embedded Processors) 4.9.3 20150303 (release) [ARM/embedded-4_9-br
