--------------- Build Started: 09/28/2016 13:28:10 Project: StepperMotor, Configuration: ARM GCC 4.9-2015-q1-update Debug ---------------
cydsfit.exe -.appdatapath "C:\Users\robert\AppData\Local\Cypress Semiconductor\PSoC Creator\3.3" -.fdsnotice -.fdswarpdepfile=warp_dependencies.txt -.fdselabdepfile=elab_dependencies.txt -.fdsbldfile=generated_files.txt -p "C:\Users\robert\Documents\PSoC Creator\TestWorkspace\StepperMotor.cydsn\StepperMotor.cyprj" -d CY8C5888LTI-LP097 -s "C:\Users\robert\Documents\PSoC Creator\TestWorkspace\StepperMotor.cydsn\Generated_Source\PSoC5" -- -yv2 -q10 -ygs -o2 -v3 -.fftcfgtype=LE
Elaborating Design...
HDL Generation ...
Synthesis ...
Place and Route ...
Tech mapping ...
Analog Placement ...
Analog Routing ...
Analog Code Generation ...
Digital Placement ...
Digital Routing ...
Bitstream Generation ...
Static timing analysis ...
API Generation ...
Dependency Generation ...
Clean Temporary Files ...
The compile step is up to date, no work needs to be done.
arm-none-eabi-ar.exe -rs .\CortexM3\ARM_GCC_493\Debug\StepperMotor.a .\CortexM3\ARM_GCC_493\Debug\cyfitter_cfg.o .\CortexM3\ARM_GCC_493\Debug\Stepper_Enable.o .\CortexM3\ARM_GCC_493\Debug\Stepper_Direction.o .\CortexM3\ARM_GCC_493\Debug\Stepper_Step.o .\CortexM3\ARM_GCC_493\Debug\CyBootAsmGnu.o .\CortexM3\ARM_GCC_493\Debug\CyDmac.o .\CortexM3\ARM_GCC_493\Debug\CyFlash.o .\CortexM3\ARM_GCC_493\Debug\CyLib.o .\CortexM3\ARM_GCC_493\Debug\cyPm.o .\CortexM3\ARM_GCC_493\Debug\CySpc.o .\CortexM3\ARM_GCC_493\Debug\cyutils.o .\CortexM3\ARM_GCC_493\Debug\Led.o .\CortexM3\ARM_GCC_493\Debug\StepperFloor.o .\CortexM3\ARM_GCC_493\Debug\StepperInterrupt.o .\CortexM3\ARM_GCC_493\Debug\DebounceClock.o
arm-none-eabi-ar.exe: creating .\CortexM3\ARM_GCC_493\Debug\StepperMotor.a
arm-none-eabi-gcc.exe -Wl,--start-group -o .\CortexM3\ARM_GCC_493\Debug\StepperMotor.elf .\CortexM3\ARM_GCC_493\Debug\main.o .\CortexM3\ARM_GCC_493\Debug\Stepper.o .\CortexM3\ARM_GCC_493\Debug\cymetadata.o .\CortexM3\ARM_GCC_493\Debug\Cm3Start.o .\CortexM3\ARM_GCC_493\Debug\StepperMotor.a "C:\Program Files (x86)\Cypress\PSoC Creator\3.3\PSoC Creator\psoc\content\cycomponentlibrary\CyComponentLibrary.cylib\CortexM3\ARM_GCC_493\Debug\CyComponentLibrary.a" -mcpu=cortex-m3 -mthumb -g -ffunction-sections -Og -ffat-lto-objects -L Generated_Source\PSoC5 -Wl,-Map,.\CortexM3\ARM_GCC_493\Debug/StepperMotor.map -T Generated_Source\PSoC5\cm3gcc.ld -specs=nano.specs -Wl,--gc-sections -Wl,--end-group
cyelftool.exe -C "C:\Users\robert\Documents\PSoC Creator\TestWorkspace\StepperMotor.cydsn\CortexM3\ARM_GCC_493\Debug\StepperMotor.elf" --flash_row_size 256 --flash_size 262144
cyelftool.exe -S "C:\Users\robert\Documents\PSoC Creator\TestWorkspace\StepperMotor.cydsn\CortexM3\ARM_GCC_493\Debug\StepperMotor.elf"
Flash used: 1792 of 262144 bytes (0.7%).
SRAM used: 2501 of 65536 bytes (3.8%). Stack: 2048 bytes. Heap: 128 bytes.
--------------- Build Succeeded: 09/28/2016 13:28:22 ---------------
